2021-09-04 13:30:33,485 INFO o.a.j.u.JMeterUtils: Setting Locale to en_EN
2021-09-04 13:30:33,535 INFO o.a.j.JMeter: Loading user properties from: /usr/local/Cellar/jmeter/5.4.1/libexec/bin/user.properties
2021-09-04 13:30:33,537 INFO o.a.j.JMeter: Loading system properties from: /usr/local/Cellar/jmeter/5.4.1/libexec/bin/system.properties
2021-09-04 13:30:33,550 INFO o.a.j.JMeter: Copyright (c) 1998-2021 The Apache Software Foundation
2021-09-04 13:30:33,550 INFO o.a.j.JMeter: Version 5.4.1
2021-09-04 13:30:33,550 INFO o.a.j.JMeter: java.version=16.0.2
2021-09-04 13:30:33,550 INFO o.a.j.JMeter: java.vm.name=OpenJDK 64-Bit Server VM
2021-09-04 13:30:33,550 INFO o.a.j.JMeter: os.name=Mac OS X
2021-09-04 13:30:33,550 INFO o.a.j.JMeter: os.arch=x86_64
2021-09-04 13:30:33,550 INFO o.a.j.JMeter: os.version=10.15.7
2021-09-04 13:30:33,550 INFO o.a.j.JMeter: file.encoding=UTF-8
2021-09-04 13:30:33,551 INFO o.a.j.JMeter: java.awt.headless=null
2021-09-04 13:30:33,551 INFO o.a.j.JMeter: Max memory     =1073741824
2021-09-04 13:30:33,551 INFO o.a.j.JMeter: Available Processors =4
2021-09-04 13:30:33,572 INFO o.a.j.JMeter: Default Locale=English (EN)
2021-09-04 13:30:33,574 INFO o.a.j.JMeter: JMeter  Locale=English (EN)
2021-09-04 13:30:33,575 INFO o.a.j.JMeter: JMeterHome=/usr/local/Cellar/jmeter/5.4.1/libexec
2021-09-04 13:30:33,575 INFO o.a.j.JMeter: user.dir  =/Users/nadapetrasko/Desktop/test
2021-09-04 13:30:33,575 INFO o.a.j.JMeter: PWD       =/Users/nadapetrasko/Desktop/test
2021-09-04 13:30:33,578 INFO o.a.j.JMeter: IP: 192.168.1.102 Name: MacBook-Air-Nada.local FullName: 192.168.1.102
2021-09-04 13:30:34,761 INFO o.a.j.JMeter: Setting LAF to: com.github.weisj.darklaf.DarkLaf:com.github.weisj.darklaf.theme.DarculaTheme
2021-09-04 13:30:37,439 INFO o.a.j.JMeter: Loaded icon properties from org/apache/jmeter/images/icon.properties
2021-09-04 13:30:44,445 INFO o.j.r.JARSourceHTTP: Requesting https://jmeter-plugins.org/repo/?installID=mac_os_x-2b1a51981c7b4c5443e9b144943cff34-gui
2021-09-04 13:30:46,868 INFO o.j.r.PluginManager: Plugins Status: [jpgc-plugins-manager=1.6, jmeter-core=5.4.1, jmeter-ftp=5.4.1, jmeter-http=5.4.1, jmeter-jdbc=5.4.1, jmeter-jms=5.4.1, jmeter-junit=5.4.1, jmeter-java=5.4.1, jmeter-ldap=5.4.1, jmeter-mail=5.4.1, jmeter-mongodb=5.4.1, jmeter-native=5.4.1, jmeter-tcp=5.4.1, jmeter-components=5.4.1]
2021-09-04 13:39:25,359 INFO o.a.j.p.h.s.HTTPSamplerBase: Parser for text/html is org.apache.jmeter.protocol.http.parser.LagartoBasedHtmlParser
2021-09-04 13:39:25,360 INFO o.a.j.p.h.s.HTTPSamplerBase: Parser for application/xhtml+xml is org.apache.jmeter.protocol.http.parser.LagartoBasedHtmlParser
2021-09-04 13:39:25,360 INFO o.a.j.p.h.s.HTTPSamplerBase: Parser for application/xml is org.apache.jmeter.protocol.http.parser.LagartoBasedHtmlParser
2021-09-04 13:39:25,360 INFO o.a.j.p.h.s.HTTPSamplerBase: Parser for text/xml is org.apache.jmeter.protocol.http.parser.LagartoBasedHtmlParser
2021-09-04 13:39:25,361 INFO o.a.j.p.h.s.HTTPSamplerBase: Parser for text/vnd.wap.wml is org.apache.jmeter.protocol.http.parser.RegexpHTMLParser
2021-09-04 13:39:25,361 INFO o.a.j.p.h.s.HTTPSamplerBase: Parser for text/css is org.apache.jmeter.protocol.http.parser.CssParser
2021-09-04 13:42:17,032 INFO o.a.j.s.SampleResult: Note: Sample TimeStamps are START times
2021-09-04 13:42:17,034 INFO o.a.j.s.SampleResult: sampleresult.default.encoding is set to ISO-8859-1
2021-09-04 13:42:17,034 INFO o.a.j.s.SampleResult: sampleresult.useNanoTime=true
2021-09-04 13:42:17,035 INFO o.a.j.s.SampleResult: sampleresult.nanoThreadSleep=5000
2021-09-04 13:42:17,420 INFO o.a.j.v.ViewResultsFullVisualizer: Add JavaFX to your Java installation if you want to use renderer: org.apache.jmeter.visualizers.RenderInBrowser
2021-09-04 13:44:02,563 ERROR o.a.j.JMeter: Uncaught exception in thread Thread[AWT-EventQueue-0,6,main]
java.lang.IllegalAccessError: class com.github.weisj.darklaf.ui.filechooser.DarkFilePaneUIBridge$DetailsTableModel (in unnamed module @0x157632c9) cannot access class sun.awt.shell.ShellFolder (in module java.desktop) because module java.desktop does not export sun.awt.shell to unnamed module @0x157632c9
	at com.github.weisj.darklaf.ui.filechooser.DarkFilePaneUIBridge$DetailsTableModel.updateColumnInfo(DarkFilePaneUIBridge.java:1128) ~[darklaf-core-2.5.4.jar:2.5.4]
	at com.github.weisj.darklaf.ui.filechooser.DarkFilePaneUIBridge$DetailsTableModel.<init>(DarkFilePaneUIBridge.java:1115) ~[darklaf-core-2.5.4.jar:2.5.4]
	at com.github.weisj.darklaf.ui.filechooser.DarkFilePaneUIBridge.getDetailsTableModel(DarkFilePaneUIBridge.java:576) ~[darklaf-core-2.5.4.jar:2.5.4]
	at com.github.weisj.darklaf.ui.filechooser.DarkFilePaneUIBridge$SortableListModel.<init>(DarkFilePaneUIBridge.java:1079) ~[darklaf-core-2.5.4.jar:2.5.4]
	at com.github.weisj.darklaf.ui.filechooser.DarkFilePane.createList(DarkFilePane.java:137) ~[darklaf-core-2.5.4.jar:2.5.4]
	at com.github.weisj.darklaf.ui.filechooser.DarkFileChooserUIBridge.createList(DarkFileChooserUIBridge.java:585) ~[darklaf-core-2.5.4.jar:2.5.4]
	at com.github.weisj.darklaf.ui.filechooser.DarkFileChooserUIBridge$MetalFileChooserUIAccessor.createList(DarkFileChooserUIBridge.java:750) ~[darklaf-core-2.5.4.jar:2.5.4]
	at com.github.weisj.darklaf.ui.filechooser.DarkFilePaneUIBridge.setViewType(DarkFilePaneUIBridge.java:376) ~[darklaf-core-2.5.4.jar:2.5.4]
	at com.github.weisj.darklaf.ui.filechooser.DarkFilePaneUIBridge.propertyChange(DarkFilePaneUIBridge.java:890) ~[darklaf-core-2.5.4.jar:2.5.4]
	at java.beans.PropertyChangeSupport.fire(PropertyChangeSupport.java:342) ~[?:?]
	at java.beans.PropertyChangeSupport.firePropertyChange(PropertyChangeSupport.java:334) ~[?:?]
	at java.beans.PropertyChangeSupport.firePropertyChange(PropertyChangeSupport.java:267) ~[?:?]
	at java.awt.Component.firePropertyChange(Component.java:8713) ~[?:?]
	at javax.swing.JComponent.setUI(JComponent.java:688) ~[?:?]
	at javax.swing.JFileChooser.updateUI(JFileChooser.java:1838) ~[?:?]
	at javax.swing.JFileChooser.setup(JFileChooser.java:395) ~[?:?]
	at javax.swing.JFileChooser.<init>(JFileChooser.java:361) ~[?:?]
	at javax.swing.JFileChooser.<init>(JFileChooser.java:308) ~[?:?]
	at org.apache.jmeter.gui.util.FileDialoger.<clinit>(FileDialoger.java:42) ~[ApacheJMeter_core.jar:5.4.1]
	at org.apache.jmeter.gui.action.Save.computeFileName(Save.java:201) ~[ApacheJMeter_core.jar:5.4.1]
	at org.apache.jmeter.gui.action.Save.doAction(Save.java:163) ~[ApacheJMeter_core.jar:5.4.1]
	at org.apache.jmeter.gui.action.ActionRouter.performAction(ActionRouter.java:87) ~[ApacheJMeter_core.jar:5.4.1]
	at org.apache.jmeter.gui.action.ActionRouter.doActionNow(ActionRouter.java:124) ~[ApacheJMeter_core.jar:5.4.1]
	at org.apache.jmeter.gui.action.AbstractAction.popupShouldSave(AbstractAction.java:76) ~[ApacheJMeter_core.jar:5.4.1]
	at org.apache.jmeter.gui.action.Start.doAction(Start.java:111) ~[ApacheJMeter_core.jar:5.4.1]
	at org.apache.jmeter.gui.action.ActionRouter.performAction(ActionRouter.java:87) ~[ApacheJMeter_core.jar:5.4.1]
	at org.apache.jmeter.gui.action.ActionRouter.lambda$actionPerformed$0(ActionRouter.java:69) ~[ApacheJMeter_core.jar:5.4.1]
	at java.awt.event.InvocationEvent.dispatch(InvocationEvent.java:316) ~[?:?]
	at java.awt.EventQueue.dispatchEventImpl(EventQueue.java:770) ~[?:?]
	at java.awt.EventQueue$4.run(EventQueue.java:721) ~[?:?]
	at java.awt.EventQueue$4.run(EventQueue.java:715) ~[?:?]
	at java.security.AccessController.doPrivileged(AccessController.java:391) ~[?:?]
	at java.security.ProtectionDomain$JavaSecurityAccessImpl.doIntersectionPrivilege(ProtectionDomain.java:85) ~[?:?]
	at java.awt.EventQueue.dispatchEvent(EventQueue.java:740) ~[?:?]
	at java.awt.EventDispatchThread.pumpOneEventForFilters(EventDispatchThread.java:203) [?:?]
	at java.awt.EventDispatchThread.pumpEventsForFilter(EventDispatchThread.java:124) [?:?]
	at java.awt.EventDispatchThread.pumpEventsForHierarchy(EventDispatchThread.java:113) [?:?]
	at java.awt.EventDispatchThread.pumpEvents(EventDispatchThread.java:109) [?:?]
	at java.awt.EventDispatchThread.pumpEvents(EventDispatchThread.java:101) [?:?]
	at java.awt.EventDispatchThread.run(EventDispatchThread.java:90) [?:?]
2021-09-04 13:44:23,124 ERROR o.a.j.JMeter: Uncaught exception in thread Thread[AWT-EventQueue-0,6,main]
java.lang.NoClassDefFoundError: Could not initialize class org.apache.jmeter.gui.util.FileDialoger
	at org.apache.jmeter.gui.action.Save.computeFileName(Save.java:201) ~[ApacheJMeter_core.jar:5.4.1]
	at org.apache.jmeter.gui.action.Save.doAction(Save.java:163) ~[ApacheJMeter_core.jar:5.4.1]
	at org.apache.jmeter.gui.action.ActionRouter.performAction(ActionRouter.java:87) ~[ApacheJMeter_core.jar:5.4.1]
	at org.apache.jmeter.gui.action.ActionRouter.doActionNow(ActionRouter.java:124) ~[ApacheJMeter_core.jar:5.4.1]
	at org.apache.jmeter.gui.action.AbstractAction.popupShouldSave(AbstractAction.java:76) ~[ApacheJMeter_core.jar:5.4.1]
	at org.apache.jmeter.gui.action.Start.doAction(Start.java:111) ~[ApacheJMeter_core.jar:5.4.1]
	at org.apache.jmeter.gui.action.ActionRouter.performAction(ActionRouter.java:87) ~[ApacheJMeter_core.jar:5.4.1]
	at org.apache.jmeter.gui.action.ActionRouter.lambda$actionPerformed$0(ActionRouter.java:69) ~[ApacheJMeter_core.jar:5.4.1]
	at java.awt.event.InvocationEvent.dispatch(InvocationEvent.java:316) ~[?:?]
	at java.awt.EventQueue.dispatchEventImpl(EventQueue.java:770) ~[?:?]
	at java.awt.EventQueue$4.run(EventQueue.java:721) ~[?:?]
	at java.awt.EventQueue$4.run(EventQueue.java:715) ~[?:?]
	at java.security.AccessController.doPrivileged(AccessController.java:391) ~[?:?]
	at java.security.ProtectionDomain$JavaSecurityAccessImpl.doIntersectionPrivilege(ProtectionDomain.java:85) ~[?:?]
	at java.awt.EventQueue.dispatchEvent(EventQueue.java:740) ~[?:?]
	at java.awt.EventDispatchThread.pumpOneEventForFilters(EventDispatchThread.java:203) [?:?]
	at java.awt.EventDispatchThread.pumpEventsForFilter(EventDispatchThread.java:124) [?:?]
	at java.awt.EventDispatchThread.pumpEventsForHierarchy(EventDispatchThread.java:113) [?:?]
	at java.awt.EventDispatchThread.pumpEvents(EventDispatchThread.java:109) [?:?]
	at java.awt.EventDispatchThread.pumpEvents(EventDispatchThread.java:101) [?:?]
	at java.awt.EventDispatchThread.run(EventDispatchThread.java:90) [?:?]
2021-09-04 13:45:00,833 INFO o.a.j.e.StandardJMeterEngine: Running the test!
2021-09-04 13:45:00,838 INFO o.a.j.s.SampleEvent: List of sample_variables: []
2021-09-04 13:45:00,838 INFO o.a.j.s.SampleEvent: List of sample_variables: []
2021-09-04 13:45:00,841 INFO o.a.j.e.u.CompoundVariable: Note: Function class names must contain the string: '.functions.'
2021-09-04 13:45:00,841 INFO o.a.j.e.u.CompoundVariable: Note: Function class names must not contain the string: '.gui.'
2021-09-04 13:45:00,915 INFO o.a.j.g.u.JMeterMenuBar: setRunning(true, *local*)
2021-09-04 13:45:01,099 INFO o.a.j.e.StandardJMeterEngine: Starting ThreadGroup: 1 : My Thread Group 1
2021-09-04 13:45:01,100 INFO o.a.j.e.StandardJMeterEngine: Starting 30 threads for group My Thread Group 1.
2021-09-04 13:45:01,100 INFO o.a.j.e.StandardJMeterEngine: Thread will continue on error
2021-09-04 13:45:01,102 INFO o.a.j.t.ThreadGroup: Starting thread group... number=1 threads=30 ramp-up=10 delayedStart=false
2021-09-04 13:45:01,112 INFO o.a.j.t.JMeterThread: Thread started: My Thread Group 1 1-1
2021-09-04 13:45:01,152 INFO o.a.j.p.h.s.HTTPHCAbstractImpl: Local host = MacBook-Air-Nada.local
2021-09-04 13:45:01,176 INFO o.a.j.t.ThreadGroup: Started thread group number 1
2021-09-04 13:45:01,176 INFO o.a.j.e.StandardJMeterEngine: All thread groups have been started
2021-09-04 13:45:01,180 INFO o.a.j.p.h.s.HTTPHC4Impl: HTTP request retry count = 0
2021-09-04 13:45:01,379 INFO o.a.j.p.h.s.h.LazyLayeredConnectionSocketFactory: Setting up HTTPS TrustAll Socket Factory
2021-09-04 13:45:01,381 INFO o.a.j.u.JsseSSLManager: Using default SSL protocol: TLS
2021-09-04 13:45:01,382 INFO o.a.j.u.JsseSSLManager: SSL session context: per-thread
2021-09-04 13:45:01,390 INFO o.a.j.u.SSLManager: JmeterKeyStore Location:  type JKS
2021-09-04 13:45:01,391 INFO o.a.j.u.SSLManager: KeyStore created OK
2021-09-04 13:45:01,391 WARN o.a.j.u.SSLManager: Keystore file not found, loading empty keystore
2021-09-04 13:45:01,439 INFO o.a.j.t.JMeterThread: Thread started: My Thread Group 1 1-2
2021-09-04 13:45:01,775 INFO o.a.j.t.JMeterThread: Thread started: My Thread Group 1 1-3
2021-09-04 13:45:02,111 INFO o.a.j.t.JMeterThread: Thread started: My Thread Group 1 1-4
2021-09-04 13:45:02,224 INFO o.a.j.t.JMeterThread: Thread is done: My Thread Group 1 1-2
2021-09-04 13:45:02,224 INFO o.a.j.t.JMeterThread: Thread finished: My Thread Group 1 1-2
2021-09-04 13:45:02,228 INFO o.a.j.t.JMeterThread: Thread is done: My Thread Group 1 1-1
2021-09-04 13:45:02,228 INFO o.a.j.t.JMeterThread: Thread finished: My Thread Group 1 1-1
2021-09-04 13:45:02,444 INFO o.a.j.t.JMeterThread: Thread started: My Thread Group 1 1-5
2021-09-04 13:45:02,518 INFO o.a.j.t.JMeterThread: Thread is done: My Thread Group 1 1-4
2021-09-04 13:45:02,518 INFO o.a.j.t.JMeterThread: Thread finished: My Thread Group 1 1-4
2021-09-04 13:45:02,707 INFO o.a.j.t.JMeterThread: Thread is done: My Thread Group 1 1-5
2021-09-04 13:45:02,708 INFO o.a.j.t.JMeterThread: Thread finished: My Thread Group 1 1-5
2021-09-04 13:45:02,773 INFO o.a.j.t.JMeterThread: Thread started: My Thread Group 1 1-6
2021-09-04 13:45:02,885 INFO o.a.j.t.JMeterThread: Thread is done: My Thread Group 1 1-3
2021-09-04 13:45:02,886 INFO o.a.j.t.JMeterThread: Thread finished: My Thread Group 1 1-3
2021-09-04 13:45:02,985 INFO o.a.j.t.JMeterThread: Thread is done: My Thread Group 1 1-6
2021-09-04 13:45:02,985 INFO o.a.j.t.JMeterThread: Thread finished: My Thread Group 1 1-6
2021-09-04 13:45:03,106 INFO o.a.j.t.JMeterThread: Thread started: My Thread Group 1 1-7
2021-09-04 13:45:03,441 INFO o.a.j.t.JMeterThread: Thread started: My Thread Group 1 1-8
2021-09-04 13:45:03,771 INFO o.a.j.t.JMeterThread: Thread started: My Thread Group 1 1-9
2021-09-04 13:45:04,108 INFO o.a.j.t.JMeterThread: Thread started: My Thread Group 1 1-10
2021-09-04 13:45:04,441 INFO o.a.j.t.JMeterThread: Thread started: My Thread Group 1 1-11
2021-09-04 13:45:04,772 INFO o.a.j.t.JMeterThread: Thread started: My Thread Group 1 1-12
2021-09-04 13:45:05,108 INFO o.a.j.t.JMeterThread: Thread started: My Thread Group 1 1-13
2021-09-04 13:45:05,440 INFO o.a.j.t.JMeterThread: Thread started: My Thread Group 1 1-14
2021-09-04 13:45:05,771 INFO o.a.j.t.JMeterThread: Thread started: My Thread Group 1 1-15
2021-09-04 13:45:06,102 INFO o.a.j.t.JMeterThread: Thread started: My Thread Group 1 1-16
2021-09-04 13:45:06,433 INFO o.a.j.t.JMeterThread: Thread started: My Thread Group 1 1-17
2021-09-04 13:45:06,771 INFO o.a.j.t.JMeterThread: Thread started: My Thread Group 1 1-18
2021-09-04 13:45:07,102 INFO o.a.j.t.JMeterThread: Thread started: My Thread Group 1 1-19
2021-09-04 13:45:07,432 INFO o.a.j.t.JMeterThread: Thread started: My Thread Group 1 1-20
2021-09-04 13:45:07,767 INFO o.a.j.t.JMeterThread: Thread started: My Thread Group 1 1-21
2021-09-04 13:45:08,098 INFO o.a.j.t.JMeterThread: Thread started: My Thread Group 1 1-22
2021-09-04 13:45:08,432 INFO o.a.j.t.JMeterThread: Thread started: My Thread Group 1 1-23
2021-09-04 13:45:08,767 INFO o.a.j.t.JMeterThread: Thread started: My Thread Group 1 1-24
2021-09-04 13:45:09,098 INFO o.a.j.t.JMeterThread: Thread started: My Thread Group 1 1-25
2021-09-04 13:45:09,432 INFO o.a.j.t.JMeterThread: Thread started: My Thread Group 1 1-26
2021-09-04 13:45:09,767 INFO o.a.j.t.JMeterThread: Thread started: My Thread Group 1 1-27
2021-09-04 13:45:10,102 INFO o.a.j.t.JMeterThread: Thread started: My Thread Group 1 1-28
2021-09-04 13:45:10,432 INFO o.a.j.t.JMeterThread: Thread started: My Thread Group 1 1-29
2021-09-04 13:45:10,768 INFO o.a.j.t.JMeterThread: Thread started: My Thread Group 1 1-30
2021-09-04 13:46:27,331 INFO o.a.j.g.a.Start: Stopping test
2021-09-04 13:46:27,355 INFO o.a.j.t.JMeterThread: Stopping: My Thread Group 1 1-10
2021-09-04 13:46:27,356 WARN o.a.j.t.JMeterThread: Interrupting: My Thread Group 1 1-10 sampler: man onliner
2021-09-04 13:46:27,363 INFO o.a.j.t.JMeterThread: Stopping: My Thread Group 1 1-7
2021-09-04 13:46:27,364 WARN o.a.j.t.JMeterThread: Interrupting: My Thread Group 1 1-7 sampler: man onliner
2021-09-04 13:46:27,365 INFO o.a.j.t.JMeterThread: Stopping: My Thread Group 1 1-26
2021-09-04 13:46:27,365 WARN o.a.j.t.JMeterThread: Interrupting: My Thread Group 1 1-26 sampler: man onliner
2021-09-04 13:46:27,366 INFO o.a.j.t.JMeterThread: Thread finished: My Thread Group 1 1-10
2021-09-04 13:46:27,366 INFO o.a.j.t.JMeterThread: Thread finished: My Thread Group 1 1-7
2021-09-04 13:46:27,370 INFO o.a.j.t.JMeterThread: Stopping: My Thread Group 1 1-19
2021-09-04 13:46:27,371 WARN o.a.j.t.JMeterThread: Interrupting: My Thread Group 1 1-19 sampler: man onliner
2021-09-04 13:46:27,373 INFO o.a.j.t.JMeterThread: Thread finished: My Thread Group 1 1-26
2021-09-04 13:46:27,374 INFO o.a.j.t.JMeterThread: Stopping: My Thread Group 1 1-18
2021-09-04 13:46:27,374 WARN o.a.j.t.JMeterThread: Interrupting: My Thread Group 1 1-18 sampler: man onliner
2021-09-04 13:46:27,376 INFO o.a.j.t.JMeterThread: Thread finished: My Thread Group 1 1-19
2021-09-04 13:46:27,381 INFO o.a.j.t.JMeterThread: Stopping: My Thread Group 1 1-15
2021-09-04 13:46:27,381 WARN o.a.j.t.JMeterThread: Interrupting: My Thread Group 1 1-15 sampler: man onliner
2021-09-04 13:46:27,383 INFO o.a.j.t.JMeterThread: Stopping: My Thread Group 1 1-28
2021-09-04 13:46:27,383 WARN o.a.j.t.JMeterThread: Interrupting: My Thread Group 1 1-28 sampler: man onliner
2021-09-04 13:46:27,383 INFO o.a.j.t.JMeterThread: Thread finished: My Thread Group 1 1-18
2021-09-04 13:46:27,385 INFO o.a.j.t.JMeterThread: Stopping: My Thread Group 1 1-24
2021-09-04 13:46:27,385 WARN o.a.j.t.JMeterThread: Interrupting: My Thread Group 1 1-24 sampler: man onliner
2021-09-04 13:46:27,385 INFO o.a.j.t.JMeterThread: Thread finished: My Thread Group 1 1-15
2021-09-04 13:46:27,386 INFO o.a.j.t.JMeterThread: Stopping: My Thread Group 1 1-9
2021-09-04 13:46:27,387 WARN o.a.j.t.JMeterThread: Interrupting: My Thread Group 1 1-9 sampler: man onliner
2021-09-04 13:46:27,388 INFO o.a.j.t.JMeterThread: Thread finished: My Thread Group 1 1-28
2021-09-04 13:46:27,390 INFO o.a.j.t.JMeterThread: Thread finished: My Thread Group 1 1-24
2021-09-04 13:46:27,390 INFO o.a.j.t.JMeterThread: Stopping: My Thread Group 1 1-13
2021-09-04 13:46:27,391 WARN o.a.j.t.JMeterThread: Interrupting: My Thread Group 1 1-13 sampler: man onliner
2021-09-04 13:46:27,392 INFO o.a.j.t.JMeterThread: Thread finished: My Thread Group 1 1-9
2021-09-04 13:46:27,393 INFO o.a.j.t.JMeterThread: Stopping: My Thread Group 1 1-11
2021-09-04 13:46:27,394 WARN o.a.j.t.JMeterThread: Interrupting: My Thread Group 1 1-11 sampler: man onliner
2021-09-04 13:46:27,395 INFO o.a.j.t.JMeterThread: Thread finished: My Thread Group 1 1-13
2021-09-04 13:46:27,396 INFO o.a.j.t.JMeterThread: Stopping: My Thread Group 1 1-29
2021-09-04 13:46:27,397 WARN o.a.j.t.JMeterThread: Interrupting: My Thread Group 1 1-29 sampler: man onliner
2021-09-04 13:46:27,398 INFO o.a.j.t.JMeterThread: Thread finished: My Thread Group 1 1-11
2021-09-04 13:46:27,399 INFO o.a.j.t.JMeterThread: Stopping: My Thread Group 1 1-17
2021-09-04 13:46:27,399 WARN o.a.j.t.JMeterThread: Interrupting: My Thread Group 1 1-17 sampler: man onliner
2021-09-04 13:46:27,402 INFO o.a.j.t.JMeterThread: Thread finished: My Thread Group 1 1-29
2021-09-04 13:46:27,404 INFO o.a.j.t.JMeterThread: Stopping: My Thread Group 1 1-16
2021-09-04 13:46:27,404 WARN o.a.j.t.JMeterThread: Interrupting: My Thread Group 1 1-16 sampler: man onliner
2021-09-04 13:46:27,407 INFO o.a.j.t.JMeterThread: Stopping: My Thread Group 1 1-8
2021-09-04 13:46:27,407 INFO o.a.j.t.JMeterThread: Thread finished: My Thread Group 1 1-17
2021-09-04 13:46:27,408 INFO o.a.j.t.JMeterThread: Thread finished: My Thread Group 1 1-16
2021-09-04 13:46:27,407 WARN o.a.j.t.JMeterThread: Interrupting: My Thread Group 1 1-8 sampler: man onliner
2021-09-04 13:46:27,410 INFO o.a.j.t.JMeterThread: Stopping: My Thread Group 1 1-21
2021-09-04 13:46:27,411 WARN o.a.j.t.JMeterThread: Interrupting: My Thread Group 1 1-21 sampler: man onliner
2021-09-04 13:46:27,413 INFO o.a.j.t.JMeterThread: Thread finished: My Thread Group 1 1-8
2021-09-04 13:46:27,413 INFO o.a.j.t.JMeterThread: Stopping: My Thread Group 1 1-20
2021-09-04 13:46:27,413 WARN o.a.j.t.JMeterThread: Interrupting: My Thread Group 1 1-20 sampler: man onliner
2021-09-04 13:46:27,416 INFO o.a.j.t.JMeterThread: Thread finished: My Thread Group 1 1-21
2021-09-04 13:46:27,417 INFO o.a.j.t.JMeterThread: Stopping: My Thread Group 1 1-12
2021-09-04 13:46:27,417 WARN o.a.j.t.JMeterThread: Interrupting: My Thread Group 1 1-12 sampler: man onliner
2021-09-04 13:46:27,418 INFO o.a.j.t.JMeterThread: Stopping: My Thread Group 1 1-27
2021-09-04 13:46:27,419 WARN o.a.j.t.JMeterThread: Interrupting: My Thread Group 1 1-27 sampler: man onliner
2021-09-04 13:46:27,419 INFO o.a.j.t.JMeterThread: Thread finished: My Thread Group 1 1-20
2021-09-04 13:46:27,421 INFO o.a.j.t.JMeterThread: Thread finished: My Thread Group 1 1-12
2021-09-04 13:46:27,421 INFO o.a.j.t.JMeterThread: Stopping: My Thread Group 1 1-14
2021-09-04 13:46:27,421 WARN o.a.j.t.JMeterThread: Interrupting: My Thread Group 1 1-14 sampler: man onliner
2021-09-04 13:46:27,423 INFO o.a.j.t.JMeterThread: Thread finished: My Thread Group 1 1-27
2021-09-04 13:46:27,425 INFO o.a.j.t.JMeterThread: Stopping: My Thread Group 1 1-25
2021-09-04 13:46:27,425 WARN o.a.j.t.JMeterThread: Interrupting: My Thread Group 1 1-25 sampler: man onliner
2021-09-04 13:46:27,426 INFO o.a.j.t.JMeterThread: Thread finished: My Thread Group 1 1-14
2021-09-04 13:46:27,427 INFO o.a.j.t.JMeterThread: Stopping: My Thread Group 1 1-22
2021-09-04 13:46:27,427 WARN o.a.j.t.JMeterThread: Interrupting: My Thread Group 1 1-22 sampler: man onliner
2021-09-04 13:46:27,429 INFO o.a.j.t.JMeterThread: Thread finished: My Thread Group 1 1-25
2021-09-04 13:46:27,432 INFO o.a.j.t.JMeterThread: Stopping: My Thread Group 1 1-23
2021-09-04 13:46:27,432 WARN o.a.j.t.JMeterThread: Interrupting: My Thread Group 1 1-23 sampler: man onliner
2021-09-04 13:46:27,434 INFO o.a.j.t.JMeterThread: Thread finished: My Thread Group 1 1-22
2021-09-04 13:46:27,435 INFO o.a.j.t.JMeterThread: Stopping: My Thread Group 1 1-30
2021-09-04 13:46:27,435 WARN o.a.j.t.JMeterThread: Interrupting: My Thread Group 1 1-30 sampler: man onliner
2021-09-04 13:46:27,436 INFO o.a.j.t.JMeterThread: Thread finished: My Thread Group 1 1-23
2021-09-04 13:46:27,440 INFO o.a.j.t.JMeterThread: Thread finished: My Thread Group 1 1-30
2021-09-04 13:46:27,441 INFO o.a.j.e.StandardJMeterEngine: Notifying test listeners of end of test
2021-09-04 13:46:27,450 INFO o.a.j.s.FileServer: Default base='/Users/nadapetrasko/Desktop/test'
2021-09-04 13:46:27,451 INFO o.a.j.g.u.JMeterMenuBar: setRunning(false, *local*)
2021-09-04 13:46:38,875 INFO o.a.j.e.StandardJMeterEngine: Running the test!
2021-09-04 13:46:38,877 INFO o.a.j.s.SampleEvent: List of sample_variables: []
2021-09-04 13:46:38,879 INFO o.a.j.g.u.JMeterMenuBar: setRunning(true, *local*)
2021-09-04 13:46:38,997 INFO o.a.j.e.StandardJMeterEngine: Starting ThreadGroup: 1 : My Thread Group 1
2021-09-04 13:46:38,998 INFO o.a.j.e.StandardJMeterEngine: Starting 30 threads for group My Thread Group 1.
2021-09-04 13:46:38,998 INFO o.a.j.e.StandardJMeterEngine: Thread will continue on error
2021-09-04 13:46:38,998 INFO o.a.j.t.ThreadGroup: Starting thread group... number=1 threads=30 ramp-up=10 delayedStart=false
2021-09-04 13:46:39,000 INFO o.a.j.t.JMeterThread: Thread started: My Thread Group 1 1-1
2021-09-04 13:46:39,025 INFO o.a.j.t.ThreadGroup: Started thread group number 1
2021-09-04 13:46:39,026 INFO o.a.j.e.StandardJMeterEngine: All thread groups have been started
2021-09-04 13:46:39,338 INFO o.a.j.t.JMeterThread: Thread started: My Thread Group 1 1-2
2021-09-04 13:46:39,539 INFO o.a.j.t.JMeterThread: Thread is done: My Thread Group 1 1-1
2021-09-04 13:46:39,539 INFO o.a.j.t.JMeterThread: Thread finished: My Thread Group 1 1-1
2021-09-04 13:46:39,672 INFO o.a.j.t.JMeterThread: Thread started: My Thread Group 1 1-3
2021-09-04 13:46:39,829 INFO o.a.j.t.JMeterThread: Thread is done: My Thread Group 1 1-2
2021-09-04 13:46:39,829 INFO o.a.j.t.JMeterThread: Thread finished: My Thread Group 1 1-2
2021-09-04 13:46:40,000 INFO o.a.j.t.JMeterThread: Thread started: My Thread Group 1 1-4
2021-09-04 13:46:40,138 INFO o.a.j.t.JMeterThread: Thread is done: My Thread Group 1 1-3
2021-09-04 13:46:40,138 INFO o.a.j.t.JMeterThread: Thread finished: My Thread Group 1 1-3
2021-09-04 13:46:40,335 INFO o.a.j.t.JMeterThread: Thread started: My Thread Group 1 1-5
2021-09-04 13:46:40,452 INFO o.a.j.t.JMeterThread: Thread is done: My Thread Group 1 1-4
2021-09-04 13:46:40,453 INFO o.a.j.t.JMeterThread: Thread finished: My Thread Group 1 1-4
2021-09-04 13:46:40,669 INFO o.a.j.t.JMeterThread: Thread started: My Thread Group 1 1-6
2021-09-04 13:46:40,848 INFO o.a.j.t.JMeterThread: Thread is done: My Thread Group 1 1-5
2021-09-04 13:46:40,849 INFO o.a.j.t.JMeterThread: Thread finished: My Thread Group 1 1-5
2021-09-04 13:46:41,003 INFO o.a.j.t.JMeterThread: Thread started: My Thread Group 1 1-7
2021-09-04 13:46:41,144 INFO o.a.j.t.JMeterThread: Thread is done: My Thread Group 1 1-6
2021-09-04 13:46:41,144 INFO o.a.j.t.JMeterThread: Thread finished: My Thread Group 1 1-6
2021-09-04 13:46:41,335 INFO o.a.j.t.JMeterThread: Thread started: My Thread Group 1 1-8
2021-09-04 13:46:41,477 INFO o.a.j.t.JMeterThread: Thread is done: My Thread Group 1 1-7
2021-09-04 13:46:41,477 INFO o.a.j.t.JMeterThread: Thread finished: My Thread Group 1 1-7
2021-09-04 13:46:41,667 INFO o.a.j.t.JMeterThread: Thread started: My Thread Group 1 1-9
2021-09-04 13:46:41,879 INFO o.a.j.t.JMeterThread: Thread is done: My Thread Group 1 1-8
2021-09-04 13:46:41,879 INFO o.a.j.t.JMeterThread: Thread finished: My Thread Group 1 1-8
2021-09-04 13:46:41,997 INFO o.a.j.t.JMeterThread: Thread started: My Thread Group 1 1-10
2021-09-04 13:46:42,188 INFO o.a.j.t.JMeterThread: Thread is done: My Thread Group 1 1-9
2021-09-04 13:46:42,189 INFO o.a.j.t.JMeterThread: Thread finished: My Thread Group 1 1-9
2021-09-04 13:46:42,331 INFO o.a.j.t.JMeterThread: Thread started: My Thread Group 1 1-11
2021-09-04 13:46:42,517 INFO o.a.j.t.JMeterThread: Thread is done: My Thread Group 1 1-10
2021-09-04 13:46:42,517 INFO o.a.j.t.JMeterThread: Thread finished: My Thread Group 1 1-10
2021-09-04 13:46:42,667 INFO o.a.j.t.JMeterThread: Thread started: My Thread Group 1 1-12
2021-09-04 13:46:42,997 INFO o.a.j.t.JMeterThread: Thread started: My Thread Group 1 1-13
2021-09-04 13:46:43,174 INFO o.a.j.t.JMeterThread: Thread is done: My Thread Group 1 1-12
2021-09-04 13:46:43,174 INFO o.a.j.t.JMeterThread: Thread finished: My Thread Group 1 1-12
2021-09-04 13:46:43,335 INFO o.a.j.t.JMeterThread: Thread started: My Thread Group 1 1-14
2021-09-04 13:46:43,469 INFO o.a.j.t.JMeterThread: Thread is done: My Thread Group 1 1-13
2021-09-04 13:46:43,469 INFO o.a.j.t.JMeterThread: Thread finished: My Thread Group 1 1-13
2021-09-04 13:46:43,662 INFO o.a.j.t.JMeterThread: Thread started: My Thread Group 1 1-15
2021-09-04 13:46:43,819 INFO o.a.j.t.JMeterThread: Thread is done: My Thread Group 1 1-14
2021-09-04 13:46:43,819 INFO o.a.j.t.JMeterThread: Thread finished: My Thread Group 1 1-14
2021-09-04 13:46:43,866 INFO o.a.j.t.JMeterThread: Thread is done: My Thread Group 1 1-11
2021-09-04 13:46:43,866 INFO o.a.j.t.JMeterThread: Thread finished: My Thread Group 1 1-11
2021-09-04 13:46:43,997 INFO o.a.j.t.JMeterThread: Thread started: My Thread Group 1 1-16
2021-09-04 13:46:44,169 INFO o.a.j.t.JMeterThread: Thread is done: My Thread Group 1 1-15
2021-09-04 13:46:44,169 INFO o.a.j.t.JMeterThread: Thread finished: My Thread Group 1 1-15
2021-09-04 13:46:44,328 INFO o.a.j.t.JMeterThread: Thread started: My Thread Group 1 1-17
2021-09-04 13:46:44,476 INFO o.a.j.t.JMeterThread: Thread is done: My Thread Group 1 1-16
2021-09-04 13:46:44,476 INFO o.a.j.t.JMeterThread: Thread finished: My Thread Group 1 1-16
2021-09-04 13:46:44,662 INFO o.a.j.t.JMeterThread: Thread started: My Thread Group 1 1-18
2021-09-04 13:46:44,808 INFO o.a.j.t.JMeterThread: Thread is done: My Thread Group 1 1-17
2021-09-04 13:46:44,808 INFO o.a.j.t.JMeterThread: Thread finished: My Thread Group 1 1-17
2021-09-04 13:46:44,998 INFO o.a.j.t.JMeterThread: Thread started: My Thread Group 1 1-19
2021-09-04 13:46:45,153 INFO o.a.j.t.JMeterThread: Thread is done: My Thread Group 1 1-18
2021-09-04 13:46:45,153 INFO o.a.j.t.JMeterThread: Thread finished: My Thread Group 1 1-18
2021-09-04 13:46:45,328 INFO o.a.j.t.JMeterThread: Thread started: My Thread Group 1 1-20
2021-09-04 13:46:45,482 INFO o.a.j.t.JMeterThread: Thread is done: My Thread Group 1 1-19
2021-09-04 13:46:45,482 INFO o.a.j.t.JMeterThread: Thread finished: My Thread Group 1 1-19
2021-09-04 13:46:45,663 INFO o.a.j.t.JMeterThread: Thread started: My Thread Group 1 1-21
2021-09-04 13:46:45,806 INFO o.a.j.t.JMeterThread: Thread is done: My Thread Group 1 1-20
2021-09-04 13:46:45,806 INFO o.a.j.t.JMeterThread: Thread finished: My Thread Group 1 1-20
2021-09-04 13:46:45,998 INFO o.a.j.t.JMeterThread: Thread started: My Thread Group 1 1-22
2021-09-04 13:46:46,164 INFO o.a.j.t.JMeterThread: Thread is done: My Thread Group 1 1-21
2021-09-04 13:46:46,165 INFO o.a.j.t.JMeterThread: Thread finished: My Thread Group 1 1-21
2021-09-04 13:46:46,331 INFO o.a.j.t.JMeterThread: Thread started: My Thread Group 1 1-23
2021-09-04 13:46:46,479 INFO o.a.j.t.JMeterThread: Thread is done: My Thread Group 1 1-22
2021-09-04 13:46:46,479 INFO o.a.j.t.JMeterThread: Thread finished: My Thread Group 1 1-22
2021-09-04 13:46:46,662 INFO o.a.j.t.JMeterThread: Thread started: My Thread Group 1 1-24
2021-09-04 13:46:46,796 INFO o.a.j.t.JMeterThread: Thread is done: My Thread Group 1 1-23
2021-09-04 13:46:46,796 INFO o.a.j.t.JMeterThread: Thread finished: My Thread Group 1 1-23
2021-09-04 13:46:46,996 INFO o.a.j.t.JMeterThread: Thread started: My Thread Group 1 1-25
2021-09-04 13:46:47,150 INFO o.a.j.t.JMeterThread: Thread is done: My Thread Group 1 1-24
2021-09-04 13:46:47,151 INFO o.a.j.t.JMeterThread: Thread finished: My Thread Group 1 1-24
2021-09-04 13:46:47,324 INFO o.a.j.t.JMeterThread: Thread started: My Thread Group 1 1-26
2021-09-04 13:46:47,479 INFO o.a.j.t.JMeterThread: Thread is done: My Thread Group 1 1-25
2021-09-04 13:46:47,479 INFO o.a.j.t.JMeterThread: Thread finished: My Thread Group 1 1-25
2021-09-04 13:46:47,660 INFO o.a.j.t.JMeterThread: Thread started: My Thread Group 1 1-27
2021-09-04 13:46:47,810 INFO o.a.j.t.JMeterThread: Thread is done: My Thread Group 1 1-26
2021-09-04 13:46:47,810 INFO o.a.j.t.JMeterThread: Thread finished: My Thread Group 1 1-26
2021-09-04 13:46:47,993 INFO o.a.j.t.JMeterThread: Thread started: My Thread Group 1 1-28
2021-09-04 13:46:48,140 INFO o.a.j.t.JMeterThread: Thread is done: My Thread Group 1 1-27
2021-09-04 13:46:48,140 INFO o.a.j.t.JMeterThread: Thread finished: My Thread Group 1 1-27
2021-09-04 13:46:48,329 INFO o.a.j.t.JMeterThread: Thread started: My Thread Group 1 1-29
2021-09-04 13:46:48,491 INFO o.a.j.t.JMeterThread: Thread is done: My Thread Group 1 1-28
2021-09-04 13:46:48,492 INFO o.a.j.t.JMeterThread: Thread finished: My Thread Group 1 1-28
2021-09-04 13:46:48,660 INFO o.a.j.t.JMeterThread: Thread started: My Thread Group 1 1-30
2021-09-04 13:46:48,773 INFO o.a.j.t.JMeterThread: Thread is done: My Thread Group 1 1-29
2021-09-04 13:46:48,774 INFO o.a.j.t.JMeterThread: Thread finished: My Thread Group 1 1-29
2021-09-04 13:46:49,171 INFO o.a.j.t.JMeterThread: Thread is done: My Thread Group 1 1-30
2021-09-04 13:46:49,171 INFO o.a.j.t.JMeterThread: Thread finished: My Thread Group 1 1-30
2021-09-04 13:46:49,171 INFO o.a.j.e.StandardJMeterEngine: Notifying test listeners of end of test
2021-09-04 13:46:49,172 INFO o.a.j.g.u.JMeterMenuBar: setRunning(false, *local*)
2021-09-04 13:47:07,309 INFO o.a.j.e.StandardJMeterEngine: Running the test!
2021-09-04 13:47:07,309 INFO o.a.j.s.SampleEvent: List of sample_variables: []
2021-09-04 13:47:07,311 INFO o.a.j.g.u.JMeterMenuBar: setRunning(true, *local*)
2021-09-04 13:47:07,403 INFO o.a.j.e.StandardJMeterEngine: Starting ThreadGroup: 1 : My Thread Group 1
2021-09-04 13:47:07,403 INFO o.a.j.e.StandardJMeterEngine: Starting 30 threads for group My Thread Group 1.
2021-09-04 13:47:07,403 INFO o.a.j.e.StandardJMeterEngine: Thread will continue on error
2021-09-04 13:47:07,403 INFO o.a.j.t.ThreadGroup: Starting thread group... number=1 threads=30 ramp-up=10 delayedStart=false
2021-09-04 13:47:07,405 INFO o.a.j.t.JMeterThread: Thread started: My Thread Group 1 1-1
2021-09-04 13:47:07,421 INFO o.a.j.t.ThreadGroup: Started thread group number 1
2021-09-04 13:47:07,421 INFO o.a.j.e.StandardJMeterEngine: All thread groups have been started
2021-09-04 13:47:07,741 INFO o.a.j.t.JMeterThread: Thread started: My Thread Group 1 1-2
2021-09-04 13:47:08,077 INFO o.a.j.t.JMeterThread: Thread started: My Thread Group 1 1-3
2021-09-04 13:47:08,410 INFO o.a.j.t.JMeterThread: Thread started: My Thread Group 1 1-4
2021-09-04 13:47:08,739 INFO o.a.j.t.JMeterThread: Thread started: My Thread Group 1 1-5
2021-09-04 13:47:09,063 INFO o.a.j.t.JMeterThread: Thread is done: My Thread Group 1 1-1
2021-09-04 13:47:09,064 INFO o.a.j.t.JMeterThread: Thread finished: My Thread Group 1 1-1
2021-09-04 13:47:09,073 INFO o.a.j.t.JMeterThread: Thread started: My Thread Group 1 1-6
2021-09-04 13:47:09,221 INFO o.a.j.t.JMeterThread: Thread is done: My Thread Group 1 1-2
2021-09-04 13:47:09,221 INFO o.a.j.t.JMeterThread: Thread finished: My Thread Group 1 1-2
2021-09-04 13:47:09,407 INFO o.a.j.t.JMeterThread: Thread started: My Thread Group 1 1-7
2021-09-04 13:47:09,649 INFO o.a.j.t.JMeterThread: Thread is done: My Thread Group 1 1-3
2021-09-04 13:47:09,649 INFO o.a.j.t.JMeterThread: Thread finished: My Thread Group 1 1-3
2021-09-04 13:47:09,739 INFO o.a.j.t.JMeterThread: Thread started: My Thread Group 1 1-8
2021-09-04 13:47:09,860 INFO o.a.j.t.JMeterThread: Thread is done: My Thread Group 1 1-4
2021-09-04 13:47:09,860 INFO o.a.j.t.JMeterThread: Thread finished: My Thread Group 1 1-4
2021-09-04 13:47:10,070 INFO o.a.j.t.JMeterThread: Thread started: My Thread Group 1 1-9
2021-09-04 13:47:10,198 INFO o.a.j.t.JMeterThread: Thread is done: My Thread Group 1 1-5
2021-09-04 13:47:10,199 INFO o.a.j.t.JMeterThread: Thread finished: My Thread Group 1 1-5
2021-09-04 13:47:10,404 INFO o.a.j.t.JMeterThread: Thread started: My Thread Group 1 1-10
2021-09-04 13:47:10,597 INFO o.a.j.t.JMeterThread: Thread is done: My Thread Group 1 1-6
2021-09-04 13:47:10,597 INFO o.a.j.t.JMeterThread: Thread finished: My Thread Group 1 1-6
2021-09-04 13:47:10,736 INFO o.a.j.t.JMeterThread: Thread started: My Thread Group 1 1-11
2021-09-04 13:47:10,922 INFO o.a.j.t.JMeterThread: Thread is done: My Thread Group 1 1-7
2021-09-04 13:47:10,922 INFO o.a.j.t.JMeterThread: Thread finished: My Thread Group 1 1-7
2021-09-04 13:47:11,069 INFO o.a.j.t.JMeterThread: Thread started: My Thread Group 1 1-12
2021-09-04 13:47:11,148 INFO o.a.j.g.a.Start: Stopping test
2021-09-04 13:47:11,167 INFO o.a.j.t.JMeterThread: Stopping: My Thread Group 1 1-9
2021-09-04 13:47:11,168 WARN o.a.j.t.JMeterThread: Interrupting: My Thread Group 1 1-9 sampler: man vk
2021-09-04 13:47:11,169 INFO o.a.j.t.JMeterThread: Stopping: My Thread Group 1 1-25
2021-09-04 13:47:11,170 INFO o.a.j.t.JMeterThread: Stopping: My Thread Group 1 1-23
2021-09-04 13:47:11,170 INFO o.a.j.t.JMeterThread: Stopping: My Thread Group 1 1-30
2021-09-04 13:47:11,171 INFO o.a.j.t.JMeterThread: Stopping: My Thread Group 1 1-12
2021-09-04 13:47:11,171 WARN o.a.j.t.JMeterThread: Interrupting: My Thread Group 1 1-12 sampler: man vk
2021-09-04 13:47:11,171 INFO o.a.j.t.JMeterThread: Stopping: My Thread Group 1 1-10
2021-09-04 13:47:11,171 WARN o.a.j.t.JMeterThread: Interrupting: My Thread Group 1 1-10 sampler: man vk
2021-09-04 13:47:11,172 INFO o.a.j.t.JMeterThread: Thread started: My Thread Group 1 1-25
2021-09-04 13:47:11,172 INFO o.a.j.t.JMeterThread: Thread finished: My Thread Group 1 1-25
2021-09-04 13:47:11,173 INFO o.a.j.t.JMeterThread: Thread started: My Thread Group 1 1-23
2021-09-04 13:47:11,173 INFO o.a.j.t.JMeterThread: Thread finished: My Thread Group 1 1-23
2021-09-04 13:47:11,173 INFO o.a.j.t.JMeterThread: Thread started: My Thread Group 1 1-30
2021-09-04 13:47:11,173 INFO o.a.j.t.JMeterThread: Thread finished: My Thread Group 1 1-30
2021-09-04 13:47:11,174 INFO o.a.j.t.JMeterThread: Thread finished: My Thread Group 1 1-9
2021-09-04 13:47:11,175 INFO o.a.j.t.JMeterThread: Thread finished: My Thread Group 1 1-12
2021-09-04 13:47:11,176 INFO o.a.j.t.JMeterThread: Stopping: My Thread Group 1 1-19
2021-09-04 13:47:11,176 INFO o.a.j.t.JMeterThread: Stopping: My Thread Group 1 1-11
2021-09-04 13:47:11,176 WARN o.a.j.t.JMeterThread: Interrupting: My Thread Group 1 1-11 sampler: man vk
2021-09-04 13:47:11,177 INFO o.a.j.t.JMeterThread: Thread started: My Thread Group 1 1-19
2021-09-04 13:47:11,177 INFO o.a.j.t.JMeterThread: Thread finished: My Thread Group 1 1-10
2021-09-04 13:47:11,177 INFO o.a.j.t.JMeterThread: Thread finished: My Thread Group 1 1-19
2021-09-04 13:47:11,178 INFO o.a.j.t.JMeterThread: Stopping: My Thread Group 1 1-16
2021-09-04 13:47:11,178 INFO o.a.j.t.JMeterThread: Stopping: My Thread Group 1 1-26
2021-09-04 13:47:11,179 INFO o.a.j.t.JMeterThread: Stopping: My Thread Group 1 1-13
2021-09-04 13:47:11,179 INFO o.a.j.t.JMeterThread: Stopping: My Thread Group 1 1-17
2021-09-04 13:47:11,179 INFO o.a.j.t.JMeterThread: Stopping: My Thread Group 1 1-24
2021-09-04 13:47:11,179 INFO o.a.j.t.JMeterThread: Stopping: My Thread Group 1 1-18
2021-09-04 13:47:11,180 INFO o.a.j.t.JMeterThread: Stopping: My Thread Group 1 1-27
2021-09-04 13:47:11,180 INFO o.a.j.t.JMeterThread: Stopping: My Thread Group 1 1-15
2021-09-04 13:47:11,181 INFO o.a.j.t.JMeterThread: Thread finished: My Thread Group 1 1-11
2021-09-04 13:47:11,181 INFO o.a.j.t.JMeterThread: Stopping: My Thread Group 1 1-21
2021-09-04 13:47:11,181 INFO o.a.j.t.JMeterThread: Stopping: My Thread Group 1 1-22
2021-09-04 13:47:11,181 INFO o.a.j.t.JMeterThread: Thread started: My Thread Group 1 1-16
2021-09-04 13:47:11,181 INFO o.a.j.t.JMeterThread: Thread started: My Thread Group 1 1-26
2021-09-04 13:47:11,182 INFO o.a.j.t.JMeterThread: Thread finished: My Thread Group 1 1-26
2021-09-04 13:47:11,182 INFO o.a.j.t.JMeterThread: Thread finished: My Thread Group 1 1-16
2021-09-04 13:47:11,182 INFO o.a.j.t.JMeterThread: Thread started: My Thread Group 1 1-13
2021-09-04 13:47:11,182 INFO o.a.j.t.JMeterThread: Thread started: My Thread Group 1 1-17
2021-09-04 13:47:11,183 INFO o.a.j.t.JMeterThread: Thread started: My Thread Group 1 1-18
2021-09-04 13:47:11,183 INFO o.a.j.t.JMeterThread: Thread finished: My Thread Group 1 1-17
2021-09-04 13:47:11,183 INFO o.a.j.t.JMeterThread: Thread started: My Thread Group 1 1-24
2021-09-04 13:47:11,184 INFO o.a.j.t.JMeterThread: Thread finished: My Thread Group 1 1-24
2021-09-04 13:47:11,184 INFO o.a.j.t.JMeterThread: Thread started: My Thread Group 1 1-15
2021-09-04 13:47:11,184 INFO o.a.j.t.JMeterThread: Thread started: My Thread Group 1 1-21
2021-09-04 13:47:11,184 INFO o.a.j.t.JMeterThread: Thread finished: My Thread Group 1 1-15
2021-09-04 13:47:11,184 INFO o.a.j.t.JMeterThread: Thread finished: My Thread Group 1 1-21
2021-09-04 13:47:11,185 INFO o.a.j.t.JMeterThread: Thread started: My Thread Group 1 1-22
2021-09-04 13:47:11,185 INFO o.a.j.t.JMeterThread: Thread finished: My Thread Group 1 1-22
2021-09-04 13:47:11,182 INFO o.a.j.t.JMeterThread: Thread finished: My Thread Group 1 1-13
2021-09-04 13:47:11,185 INFO o.a.j.t.JMeterThread: Stopping: My Thread Group 1 1-29
2021-09-04 13:47:11,185 INFO o.a.j.t.JMeterThread: Stopping: My Thread Group 1 1-8
2021-09-04 13:47:11,185 WARN o.a.j.t.JMeterThread: Interrupting: My Thread Group 1 1-8 sampler: man vk
2021-09-04 13:47:11,185 INFO o.a.j.t.JMeterThread: Thread finished: My Thread Group 1 1-18
2021-09-04 13:47:11,183 INFO o.a.j.t.JMeterThread: Thread started: My Thread Group 1 1-27
2021-09-04 13:47:11,186 INFO o.a.j.t.JMeterThread: Thread finished: My Thread Group 1 1-27
2021-09-04 13:47:11,187 INFO o.a.j.t.JMeterThread: Thread started: My Thread Group 1 1-29
2021-09-04 13:47:11,187 INFO o.a.j.t.JMeterThread: Thread finished: My Thread Group 1 1-29
2021-09-04 13:47:11,188 INFO o.a.j.t.JMeterThread: Stopping: My Thread Group 1 1-14
2021-09-04 13:47:11,189 INFO o.a.j.t.JMeterThread: Stopping: My Thread Group 1 1-28
2021-09-04 13:47:11,189 INFO o.a.j.t.JMeterThread: Stopping: My Thread Group 1 1-20
2021-09-04 13:47:11,191 INFO o.a.j.t.JMeterThread: Thread started: My Thread Group 1 1-28
2021-09-04 13:47:11,191 INFO o.a.j.t.JMeterThread: Thread finished: My Thread Group 1 1-8
2021-09-04 13:47:11,191 INFO o.a.j.t.JMeterThread: Thread finished: My Thread Group 1 1-28
2021-09-04 13:47:11,192 INFO o.a.j.t.JMeterThread: Thread started: My Thread Group 1 1-20
2021-09-04 13:47:11,192 INFO o.a.j.t.JMeterThread: Thread finished: My Thread Group 1 1-20
2021-09-04 13:47:11,190 INFO o.a.j.t.JMeterThread: Thread started: My Thread Group 1 1-14
2021-09-04 13:47:11,194 INFO o.a.j.t.JMeterThread: Thread finished: My Thread Group 1 1-14
2021-09-04 13:47:11,195 INFO o.a.j.e.StandardJMeterEngine: Notifying test listeners of end of test
2021-09-04 13:47:11,195 INFO o.a.j.g.u.JMeterMenuBar: setRunning(false, *local*)
2021-09-04 13:47:25,616 INFO o.a.j.e.StandardJMeterEngine: Running the test!
2021-09-04 13:47:25,617 INFO o.a.j.s.SampleEvent: List of sample_variables: []
2021-09-04 13:47:25,618 INFO o.a.j.g.u.JMeterMenuBar: setRunning(true, *local*)
2021-09-04 13:47:25,723 INFO o.a.j.e.StandardJMeterEngine: Starting ThreadGroup: 1 : My Thread Group 1
2021-09-04 13:47:25,723 INFO o.a.j.e.StandardJMeterEngine: Starting 30 threads for group My Thread Group 1.
2021-09-04 13:47:25,723 INFO o.a.j.e.StandardJMeterEngine: Thread will continue on error
2021-09-04 13:47:25,724 INFO o.a.j.t.ThreadGroup: Starting thread group... number=1 threads=30 ramp-up=10 delayedStart=false
2021-09-04 13:47:25,725 INFO o.a.j.t.JMeterThread: Thread started: My Thread Group 1 1-1
2021-09-04 13:47:25,753 INFO o.a.j.t.ThreadGroup: Started thread group number 1
2021-09-04 13:47:25,754 INFO o.a.j.e.StandardJMeterEngine: All thread groups have been started
2021-09-04 13:47:26,064 INFO o.a.j.t.JMeterThread: Thread started: My Thread Group 1 1-2
2021-09-04 13:47:26,400 INFO o.a.j.t.JMeterThread: Thread started: My Thread Group 1 1-3
2021-09-04 13:47:26,730 INFO o.a.j.t.JMeterThread: Thread started: My Thread Group 1 1-4
2021-09-04 13:47:27,059 INFO o.a.j.t.JMeterThread: Thread started: My Thread Group 1 1-5
2021-09-04 13:47:27,269 INFO o.a.j.t.JMeterThread: Thread is done: My Thread Group 1 1-1
2021-09-04 13:47:27,269 INFO o.a.j.t.JMeterThread: Thread finished: My Thread Group 1 1-1
2021-09-04 13:47:27,392 INFO o.a.j.t.JMeterThread: Thread started: My Thread Group 1 1-6
2021-09-04 13:47:27,546 INFO o.a.j.t.JMeterThread: Thread is done: My Thread Group 1 1-2
2021-09-04 13:47:27,546 INFO o.a.j.t.JMeterThread: Thread finished: My Thread Group 1 1-2
2021-09-04 13:47:27,725 INFO o.a.j.t.JMeterThread: Thread started: My Thread Group 1 1-7
2021-09-04 13:47:28,045 INFO o.a.j.t.JMeterThread: Thread is done: My Thread Group 1 1-3
2021-09-04 13:47:28,045 INFO o.a.j.t.JMeterThread: Thread finished: My Thread Group 1 1-3
2021-09-04 13:47:28,061 INFO o.a.j.t.JMeterThread: Thread started: My Thread Group 1 1-8
2021-09-04 13:47:28,280 INFO o.a.j.t.JMeterThread: Thread is done: My Thread Group 1 1-4
2021-09-04 13:47:28,281 INFO o.a.j.t.JMeterThread: Thread finished: My Thread Group 1 1-4
2021-09-04 13:47:28,393 INFO o.a.j.t.JMeterThread: Thread started: My Thread Group 1 1-9
2021-09-04 13:47:28,722 INFO o.a.j.t.JMeterThread: Thread started: My Thread Group 1 1-10
2021-09-04 13:47:28,984 INFO o.a.j.t.JMeterThread: Thread is done: My Thread Group 1 1-6
2021-09-04 13:47:28,984 INFO o.a.j.t.JMeterThread: Thread finished: My Thread Group 1 1-6
2021-09-04 13:47:28,992 INFO o.a.j.t.JMeterThread: Thread is done: My Thread Group 1 1-5
2021-09-04 13:47:28,992 INFO o.a.j.t.JMeterThread: Thread finished: My Thread Group 1 1-5
2021-09-04 13:47:29,061 INFO o.a.j.t.JMeterThread: Thread started: My Thread Group 1 1-11
2021-09-04 13:47:29,336 INFO o.a.j.t.JMeterThread: Thread is done: My Thread Group 1 1-7
2021-09-04 13:47:29,336 INFO o.a.j.t.JMeterThread: Thread finished: My Thread Group 1 1-7
2021-09-04 13:47:29,394 INFO o.a.j.t.JMeterThread: Thread started: My Thread Group 1 1-12
2021-09-04 13:47:29,608 INFO o.a.j.t.JMeterThread: Thread is done: My Thread Group 1 1-8
2021-09-04 13:47:29,609 INFO o.a.j.t.JMeterThread: Thread finished: My Thread Group 1 1-8
2021-09-04 13:47:29,726 INFO o.a.j.t.JMeterThread: Thread started: My Thread Group 1 1-13
2021-09-04 13:47:29,945 INFO o.a.j.t.JMeterThread: Thread is done: My Thread Group 1 1-9
2021-09-04 13:47:29,946 INFO o.a.j.t.JMeterThread: Thread finished: My Thread Group 1 1-9
2021-09-04 13:47:30,056 INFO o.a.j.t.JMeterThread: Thread started: My Thread Group 1 1-14
2021-09-04 13:47:30,313 INFO o.a.j.t.JMeterThread: Thread is done: My Thread Group 1 1-10
2021-09-04 13:47:30,313 INFO o.a.j.t.JMeterThread: Thread finished: My Thread Group 1 1-10
2021-09-04 13:47:30,392 INFO o.a.j.t.JMeterThread: Thread started: My Thread Group 1 1-15
2021-09-04 13:47:30,619 INFO o.a.j.t.JMeterThread: Thread is done: My Thread Group 1 1-11
2021-09-04 13:47:30,619 INFO o.a.j.t.JMeterThread: Thread finished: My Thread Group 1 1-11
2021-09-04 13:47:30,722 INFO o.a.j.t.JMeterThread: Thread started: My Thread Group 1 1-16
2021-09-04 13:47:31,037 INFO o.a.j.t.JMeterThread: Thread is done: My Thread Group 1 1-12
2021-09-04 13:47:31,038 INFO o.a.j.t.JMeterThread: Thread finished: My Thread Group 1 1-12
2021-09-04 13:47:31,053 INFO o.a.j.t.JMeterThread: Thread started: My Thread Group 1 1-17
2021-09-04 13:47:31,292 INFO o.a.j.t.JMeterThread: Thread is done: My Thread Group 1 1-13
2021-09-04 13:47:31,292 INFO o.a.j.t.JMeterThread: Thread finished: My Thread Group 1 1-13
2021-09-04 13:47:31,390 INFO o.a.j.t.JMeterThread: Thread started: My Thread Group 1 1-18
2021-09-04 13:47:31,647 INFO o.a.j.t.JMeterThread: Thread is done: My Thread Group 1 1-14
2021-09-04 13:47:31,647 INFO o.a.j.t.JMeterThread: Thread finished: My Thread Group 1 1-14
2021-09-04 13:47:31,721 INFO o.a.j.t.JMeterThread: Thread started: My Thread Group 1 1-19
2021-09-04 13:47:31,980 INFO o.a.j.t.JMeterThread: Thread is done: My Thread Group 1 1-15
2021-09-04 13:47:31,980 INFO o.a.j.t.JMeterThread: Thread finished: My Thread Group 1 1-15
2021-09-04 13:47:32,055 INFO o.a.j.t.JMeterThread: Thread started: My Thread Group 1 1-20
2021-09-04 13:47:32,293 INFO o.a.j.t.JMeterThread: Thread is done: My Thread Group 1 1-16
2021-09-04 13:47:32,293 INFO o.a.j.t.JMeterThread: Thread finished: My Thread Group 1 1-16
2021-09-04 13:47:32,390 INFO o.a.j.t.JMeterThread: Thread started: My Thread Group 1 1-21
2021-09-04 13:47:32,724 INFO o.a.j.t.JMeterThread: Thread started: My Thread Group 1 1-22
2021-09-04 13:47:32,965 INFO o.a.j.t.JMeterThread: Thread is done: My Thread Group 1 1-17
2021-09-04 13:47:32,965 INFO o.a.j.t.JMeterThread: Thread finished: My Thread Group 1 1-17
2021-09-04 13:47:33,055 INFO o.a.j.t.JMeterThread: Thread started: My Thread Group 1 1-23
2021-09-04 13:47:33,102 INFO o.a.j.t.JMeterThread: Thread is done: My Thread Group 1 1-18
2021-09-04 13:47:33,102 INFO o.a.j.t.JMeterThread: Thread finished: My Thread Group 1 1-18
2021-09-04 13:47:33,222 INFO o.a.j.t.JMeterThread: Thread is done: My Thread Group 1 1-19
2021-09-04 13:47:33,223 INFO o.a.j.t.JMeterThread: Thread finished: My Thread Group 1 1-19
2021-09-04 13:47:33,386 INFO o.a.j.t.JMeterThread: Thread started: My Thread Group 1 1-24
2021-09-04 13:47:33,716 INFO o.a.j.t.JMeterThread: Thread started: My Thread Group 1 1-25
2021-09-04 13:47:33,818 INFO o.a.j.t.JMeterThread: Thread is done: My Thread Group 1 1-20
2021-09-04 13:47:33,819 INFO o.a.j.t.JMeterThread: Thread finished: My Thread Group 1 1-20
2021-09-04 13:47:34,027 INFO o.a.j.t.JMeterThread: Thread is done: My Thread Group 1 1-21
2021-09-04 13:47:34,028 INFO o.a.j.t.JMeterThread: Thread finished: My Thread Group 1 1-21
2021-09-04 13:47:34,050 INFO o.a.j.t.JMeterThread: Thread started: My Thread Group 1 1-26
2021-09-04 13:47:34,292 INFO o.a.j.t.JMeterThread: Thread is done: My Thread Group 1 1-22
2021-09-04 13:47:34,293 INFO o.a.j.t.JMeterThread: Thread finished: My Thread Group 1 1-22
2021-09-04 13:47:34,386 INFO o.a.j.t.JMeterThread: Thread started: My Thread Group 1 1-27
2021-09-04 13:47:34,700 INFO o.a.j.t.JMeterThread: Thread is done: My Thread Group 1 1-23
2021-09-04 13:47:34,700 INFO o.a.j.t.JMeterThread: Thread finished: My Thread Group 1 1-23
2021-09-04 13:47:34,722 INFO o.a.j.t.JMeterThread: Thread started: My Thread Group 1 1-28
2021-09-04 13:47:34,942 INFO o.a.j.t.JMeterThread: Thread is done: My Thread Group 1 1-24
2021-09-04 13:47:34,942 INFO o.a.j.t.JMeterThread: Thread finished: My Thread Group 1 1-24
2021-09-04 13:47:35,051 INFO o.a.j.t.JMeterThread: Thread started: My Thread Group 1 1-29
2021-09-04 13:47:35,329 INFO o.a.j.t.JMeterThread: Thread is done: My Thread Group 1 1-25
2021-09-04 13:47:35,330 INFO o.a.j.t.JMeterThread: Thread finished: My Thread Group 1 1-25
2021-09-04 13:47:35,387 INFO o.a.j.t.JMeterThread: Thread started: My Thread Group 1 1-30
2021-09-04 13:47:35,787 INFO o.a.j.t.JMeterThread: Thread is done: My Thread Group 1 1-26
2021-09-04 13:47:35,787 INFO o.a.j.t.JMeterThread: Thread finished: My Thread Group 1 1-26
2021-09-04 13:47:35,974 INFO o.a.j.t.JMeterThread: Thread is done: My Thread Group 1 1-27
2021-09-04 13:47:35,975 INFO o.a.j.t.JMeterThread: Thread finished: My Thread Group 1 1-27
2021-09-04 13:47:36,272 INFO o.a.j.t.JMeterThread: Thread is done: My Thread Group 1 1-28
2021-09-04 13:47:36,272 INFO o.a.j.t.JMeterThread: Thread finished: My Thread Group 1 1-28
2021-09-04 13:47:36,623 INFO o.a.j.t.JMeterThread: Thread is done: My Thread Group 1 1-29
2021-09-04 13:47:36,623 INFO o.a.j.t.JMeterThread: Thread finished: My Thread Group 1 1-29
2021-09-04 13:47:36,892 INFO o.a.j.t.JMeterThread: Thread is done: My Thread Group 1 1-30
2021-09-04 13:47:36,892 INFO o.a.j.t.JMeterThread: Thread finished: My Thread Group 1 1-30
2021-09-04 13:47:36,893 INFO o.a.j.e.StandardJMeterEngine: Notifying test listeners of end of test
2021-09-04 13:47:36,893 INFO o.a.j.g.u.JMeterMenuBar: setRunning(false, *local*)
2021-09-04 13:47:53,562 INFO o.a.j.e.StandardJMeterEngine: Running the test!
2021-09-04 13:47:53,563 INFO o.a.j.s.SampleEvent: List of sample_variables: []
2021-09-04 13:47:53,563 INFO o.a.j.g.u.JMeterMenuBar: setRunning(true, *local*)
2021-09-04 13:47:53,652 INFO o.a.j.e.StandardJMeterEngine: Starting ThreadGroup: 1 : My Thread Group 1
2021-09-04 13:47:53,652 INFO o.a.j.e.StandardJMeterEngine: Starting 30 threads for group My Thread Group 1.
2021-09-04 13:47:53,652 INFO o.a.j.e.StandardJMeterEngine: Thread will continue on error
2021-09-04 13:47:53,652 INFO o.a.j.t.ThreadGroup: Starting thread group... number=1 threads=30 ramp-up=10 delayedStart=false
2021-09-04 13:47:53,653 INFO o.a.j.t.JMeterThread: Thread started: My Thread Group 1 1-1
2021-09-04 13:47:53,667 INFO o.a.j.t.ThreadGroup: Started thread group number 1
2021-09-04 13:47:53,667 INFO o.a.j.e.StandardJMeterEngine: All thread groups have been started
2021-09-04 13:47:53,990 INFO o.a.j.t.JMeterThread: Thread started: My Thread Group 1 1-2
2021-09-04 13:47:54,320 INFO o.a.j.t.JMeterThread: Thread started: My Thread Group 1 1-3
2021-09-04 13:47:54,656 INFO o.a.j.t.JMeterThread: Thread started: My Thread Group 1 1-4
2021-09-04 13:47:54,990 INFO o.a.j.t.JMeterThread: Thread started: My Thread Group 1 1-5
2021-09-04 13:47:55,228 INFO o.a.j.t.JMeterThread: Thread is done: My Thread Group 1 1-1
2021-09-04 13:47:55,228 INFO o.a.j.t.JMeterThread: Thread finished: My Thread Group 1 1-1
2021-09-04 13:47:55,319 INFO o.a.j.t.JMeterThread: Thread started: My Thread Group 1 1-6
2021-09-04 13:47:55,568 INFO o.a.j.t.JMeterThread: Thread is done: My Thread Group 1 1-2
2021-09-04 13:47:55,568 INFO o.a.j.t.JMeterThread: Thread finished: My Thread Group 1 1-2
2021-09-04 13:47:55,656 INFO o.a.j.t.JMeterThread: Thread started: My Thread Group 1 1-7
2021-09-04 13:47:55,874 INFO o.a.j.t.JMeterThread: Thread is done: My Thread Group 1 1-3
2021-09-04 13:47:55,874 INFO o.a.j.t.JMeterThread: Thread finished: My Thread Group 1 1-3
2021-09-04 13:47:55,990 INFO o.a.j.t.JMeterThread: Thread started: My Thread Group 1 1-8
2021-09-04 13:47:56,202 INFO o.a.j.t.JMeterThread: Thread is done: My Thread Group 1 1-4
2021-09-04 13:47:56,202 INFO o.a.j.t.JMeterThread: Thread finished: My Thread Group 1 1-4
2021-09-04 13:47:56,319 INFO o.a.j.t.JMeterThread: Thread started: My Thread Group 1 1-9
2021-09-04 13:47:56,569 INFO o.a.j.t.JMeterThread: Thread is done: My Thread Group 1 1-5
2021-09-04 13:47:56,569 INFO o.a.j.t.JMeterThread: Thread finished: My Thread Group 1 1-5
2021-09-04 13:47:56,656 INFO o.a.j.t.JMeterThread: Thread started: My Thread Group 1 1-10
2021-09-04 13:47:56,872 INFO o.a.j.t.JMeterThread: Thread is done: My Thread Group 1 1-6
2021-09-04 13:47:56,872 INFO o.a.j.t.JMeterThread: Thread finished: My Thread Group 1 1-6
2021-09-04 13:47:56,987 INFO o.a.j.t.JMeterThread: Thread started: My Thread Group 1 1-11
2021-09-04 13:47:57,236 INFO o.a.j.t.JMeterThread: Thread is done: My Thread Group 1 1-7
2021-09-04 13:47:57,236 INFO o.a.j.t.JMeterThread: Thread finished: My Thread Group 1 1-7
2021-09-04 13:47:57,319 INFO o.a.j.t.JMeterThread: Thread started: My Thread Group 1 1-12
2021-09-04 13:47:57,625 INFO o.a.j.t.JMeterThread: Thread is done: My Thread Group 1 1-8
2021-09-04 13:47:57,625 INFO o.a.j.t.JMeterThread: Thread finished: My Thread Group 1 1-8
2021-09-04 13:47:57,650 INFO o.a.j.t.JMeterThread: Thread started: My Thread Group 1 1-13
2021-09-04 13:47:57,902 INFO o.a.j.t.JMeterThread: Thread is done: My Thread Group 1 1-9
2021-09-04 13:47:57,902 INFO o.a.j.t.JMeterThread: Thread finished: My Thread Group 1 1-9
2021-09-04 13:47:57,986 INFO o.a.j.t.JMeterThread: Thread started: My Thread Group 1 1-14
2021-09-04 13:47:58,317 INFO o.a.j.t.JMeterThread: Thread started: My Thread Group 1 1-15
2021-09-04 13:47:58,390 INFO o.a.j.t.JMeterThread: Thread is done: My Thread Group 1 1-10
2021-09-04 13:47:58,390 INFO o.a.j.t.JMeterThread: Thread finished: My Thread Group 1 1-10
2021-09-04 13:47:58,617 INFO o.a.j.t.JMeterThread: Thread is done: My Thread Group 1 1-11
2021-09-04 13:47:58,618 INFO o.a.j.t.JMeterThread: Thread finished: My Thread Group 1 1-11
2021-09-04 13:47:58,650 INFO o.a.j.t.JMeterThread: Thread started: My Thread Group 1 1-16
2021-09-04 13:47:58,861 INFO o.a.j.t.JMeterThread: Thread is done: My Thread Group 1 1-12
2021-09-04 13:47:58,861 INFO o.a.j.t.JMeterThread: Thread finished: My Thread Group 1 1-12
2021-09-04 13:47:58,982 INFO o.a.j.t.JMeterThread: Thread started: My Thread Group 1 1-17
2021-09-04 13:47:59,278 INFO o.a.j.t.JMeterThread: Thread is done: My Thread Group 1 1-13
2021-09-04 13:47:59,279 INFO o.a.j.t.JMeterThread: Thread finished: My Thread Group 1 1-13
2021-09-04 13:47:59,319 INFO o.a.j.t.JMeterThread: Thread started: My Thread Group 1 1-18
2021-09-04 13:47:59,580 INFO o.a.j.t.JMeterThread: Thread is done: My Thread Group 1 1-14
2021-09-04 13:47:59,580 INFO o.a.j.t.JMeterThread: Thread finished: My Thread Group 1 1-14
2021-09-04 13:47:59,650 INFO o.a.j.t.JMeterThread: Thread started: My Thread Group 1 1-19
2021-09-04 13:47:59,878 INFO o.a.j.t.JMeterThread: Thread is done: My Thread Group 1 1-15
2021-09-04 13:47:59,878 INFO o.a.j.t.JMeterThread: Thread finished: My Thread Group 1 1-15
2021-09-04 13:47:59,980 INFO o.a.j.t.JMeterThread: Thread started: My Thread Group 1 1-20
2021-09-04 13:48:00,214 INFO o.a.j.t.JMeterThread: Thread is done: My Thread Group 1 1-16
2021-09-04 13:48:00,214 INFO o.a.j.t.JMeterThread: Thread finished: My Thread Group 1 1-16
2021-09-04 13:48:00,317 INFO o.a.j.t.JMeterThread: Thread started: My Thread Group 1 1-21
2021-09-04 13:48:00,552 INFO o.a.j.t.JMeterThread: Thread is done: My Thread Group 1 1-17
2021-09-04 13:48:00,553 INFO o.a.j.t.JMeterThread: Thread finished: My Thread Group 1 1-17
2021-09-04 13:48:00,650 INFO o.a.j.t.JMeterThread: Thread started: My Thread Group 1 1-22
2021-09-04 13:48:00,926 INFO o.a.j.t.JMeterThread: Thread is done: My Thread Group 1 1-18
2021-09-04 13:48:00,926 INFO o.a.j.t.JMeterThread: Thread finished: My Thread Group 1 1-18
2021-09-04 13:48:00,981 INFO o.a.j.t.JMeterThread: Thread started: My Thread Group 1 1-23
2021-09-04 13:48:01,215 INFO o.a.j.t.JMeterThread: Thread is done: My Thread Group 1 1-19
2021-09-04 13:48:01,215 INFO o.a.j.t.JMeterThread: Thread finished: My Thread Group 1 1-19
2021-09-04 13:48:01,313 INFO o.a.j.t.JMeterThread: Thread started: My Thread Group 1 1-24
2021-09-04 13:48:01,571 INFO o.a.j.t.JMeterThread: Thread is done: My Thread Group 1 1-20
2021-09-04 13:48:01,571 INFO o.a.j.t.JMeterThread: Thread finished: My Thread Group 1 1-20
2021-09-04 13:48:01,646 INFO o.a.j.t.JMeterThread: Thread started: My Thread Group 1 1-25
2021-09-04 13:48:01,973 INFO o.a.j.t.JMeterThread: Thread is done: My Thread Group 1 1-21
2021-09-04 13:48:01,973 INFO o.a.j.t.JMeterThread: Thread finished: My Thread Group 1 1-21
2021-09-04 13:48:01,980 INFO o.a.j.t.JMeterThread: Thread started: My Thread Group 1 1-26
2021-09-04 13:48:02,222 INFO o.a.j.t.JMeterThread: Thread is done: My Thread Group 1 1-22
2021-09-04 13:48:02,222 INFO o.a.j.t.JMeterThread: Thread finished: My Thread Group 1 1-22
2021-09-04 13:48:02,311 INFO o.a.j.t.JMeterThread: Thread started: My Thread Group 1 1-27
2021-09-04 13:48:02,646 INFO o.a.j.t.JMeterThread: Thread started: My Thread Group 1 1-28
2021-09-04 13:48:02,670 INFO o.a.j.t.JMeterThread: Thread is done: My Thread Group 1 1-23
2021-09-04 13:48:02,671 INFO o.a.j.t.JMeterThread: Thread finished: My Thread Group 1 1-23
2021-09-04 13:48:02,866 INFO o.a.j.t.JMeterThread: Thread is done: My Thread Group 1 1-24
2021-09-04 13:48:02,866 INFO o.a.j.t.JMeterThread: Thread finished: My Thread Group 1 1-24
2021-09-04 13:48:02,976 INFO o.a.j.t.JMeterThread: Thread started: My Thread Group 1 1-29
2021-09-04 13:48:03,230 INFO o.a.j.t.JMeterThread: Thread is done: My Thread Group 1 1-25
2021-09-04 13:48:03,231 INFO o.a.j.t.JMeterThread: Thread finished: My Thread Group 1 1-25
2021-09-04 13:48:03,313 INFO o.a.j.t.JMeterThread: Thread started: My Thread Group 1 1-30
2021-09-04 13:48:03,528 INFO o.a.j.t.JMeterThread: Thread is done: My Thread Group 1 1-26
2021-09-04 13:48:03,528 INFO o.a.j.t.JMeterThread: Thread finished: My Thread Group 1 1-26
2021-09-04 13:48:03,955 INFO o.a.j.t.JMeterThread: Thread is done: My Thread Group 1 1-27
2021-09-04 13:48:03,955 INFO o.a.j.t.JMeterThread: Thread finished: My Thread Group 1 1-27
2021-09-04 13:48:04,267 INFO o.a.j.t.JMeterThread: Thread is done: My Thread Group 1 1-28
2021-09-04 13:48:04,268 INFO o.a.j.t.JMeterThread: Thread finished: My Thread Group 1 1-28
2021-09-04 13:48:04,657 INFO o.a.j.t.JMeterThread: Thread is done: My Thread Group 1 1-29
2021-09-04 13:48:04,657 INFO o.a.j.t.JMeterThread: Thread finished: My Thread Group 1 1-29
2021-09-04 13:48:04,885 INFO o.a.j.t.JMeterThread: Thread is done: My Thread Group 1 1-30
2021-09-04 13:48:04,886 INFO o.a.j.t.JMeterThread: Thread finished: My Thread Group 1 1-30
2021-09-04 13:48:04,887 INFO o.a.j.e.StandardJMeterEngine: Notifying test listeners of end of test
2021-09-04 13:48:04,887 INFO o.a.j.g.u.JMeterMenuBar: setRunning(false, *local*)
2021-09-04 13:49:47,702 INFO o.a.j.e.StandardJMeterEngine: Running the test!
2021-09-04 13:49:47,704 INFO o.a.j.s.SampleEvent: List of sample_variables: []
2021-09-04 13:49:47,705 INFO o.a.j.g.u.JMeterMenuBar: setRunning(true, *local*)
2021-09-04 13:49:47,863 INFO o.a.j.e.StandardJMeterEngine: Starting ThreadGroup: 1 : My Thread Group 1
2021-09-04 13:49:47,863 INFO o.a.j.e.StandardJMeterEngine: Starting 30 threads for group My Thread Group 1.
2021-09-04 13:49:47,863 INFO o.a.j.e.StandardJMeterEngine: Thread will continue on error
2021-09-04 13:49:47,863 INFO o.a.j.t.ThreadGroup: Starting thread group... number=1 threads=30 ramp-up=10 delayedStart=false
2021-09-04 13:49:47,868 INFO o.a.j.t.JMeterThread: Thread started: My Thread Group 1 1-1
2021-09-04 13:49:47,890 INFO o.a.j.t.ThreadGroup: Started thread group number 1
2021-09-04 13:49:47,890 INFO o.a.j.e.StandardJMeterEngine: All thread groups have been started
2021-09-04 13:49:48,204 INFO o.a.j.t.JMeterThread: Thread started: My Thread Group 1 1-2
2021-09-04 13:49:48,534 INFO o.a.j.t.JMeterThread: Thread started: My Thread Group 1 1-3
2021-09-04 13:49:48,864 INFO o.a.j.t.JMeterThread: Thread started: My Thread Group 1 1-4
2021-09-04 13:49:49,199 INFO o.a.j.t.JMeterThread: Thread started: My Thread Group 1 1-5
2021-09-04 13:49:49,486 INFO o.a.j.t.JMeterThread: Thread is done: My Thread Group 1 1-1
2021-09-04 13:49:49,486 INFO o.a.j.t.JMeterThread: Thread finished: My Thread Group 1 1-1
2021-09-04 13:49:49,532 INFO o.a.j.t.JMeterThread: Thread started: My Thread Group 1 1-6
2021-09-04 13:49:49,831 INFO o.a.j.t.JMeterThread: Thread is done: My Thread Group 1 1-2
2021-09-04 13:49:49,831 INFO o.a.j.t.JMeterThread: Thread finished: My Thread Group 1 1-2
2021-09-04 13:49:49,863 INFO o.a.j.t.JMeterThread: Thread started: My Thread Group 1 1-7
2021-09-04 13:49:50,090 INFO o.a.j.t.JMeterThread: Thread is done: My Thread Group 1 1-3
2021-09-04 13:49:50,090 INFO o.a.j.t.JMeterThread: Thread finished: My Thread Group 1 1-3
2021-09-04 13:49:50,197 INFO o.a.j.t.JMeterThread: Thread started: My Thread Group 1 1-8
2021-09-04 13:49:50,390 INFO o.a.j.t.JMeterThread: Thread is done: My Thread Group 1 1-4
2021-09-04 13:49:50,390 INFO o.a.j.t.JMeterThread: Thread finished: My Thread Group 1 1-4
2021-09-04 13:49:50,531 INFO o.a.j.t.JMeterThread: Thread started: My Thread Group 1 1-9
2021-09-04 13:49:50,770 INFO o.a.j.t.JMeterThread: Thread is done: My Thread Group 1 1-5
2021-09-04 13:49:50,770 INFO o.a.j.t.JMeterThread: Thread finished: My Thread Group 1 1-5
2021-09-04 13:49:50,864 INFO o.a.j.t.JMeterThread: Thread started: My Thread Group 1 1-10
2021-09-04 13:49:51,134 INFO o.a.j.t.JMeterThread: Thread is done: My Thread Group 1 1-6
2021-09-04 13:49:51,134 INFO o.a.j.t.JMeterThread: Thread finished: My Thread Group 1 1-6
2021-09-04 13:49:51,198 INFO o.a.j.t.JMeterThread: Thread started: My Thread Group 1 1-11
2021-09-04 13:49:51,530 INFO o.a.j.t.JMeterThread: Thread started: My Thread Group 1 1-12
2021-09-04 13:49:51,556 INFO o.a.j.t.JMeterThread: Thread is done: My Thread Group 1 1-7
2021-09-04 13:49:51,557 INFO o.a.j.t.JMeterThread: Thread finished: My Thread Group 1 1-7
2021-09-04 13:49:51,773 INFO o.a.j.t.JMeterThread: Thread is done: My Thread Group 1 1-8
2021-09-04 13:49:51,773 INFO o.a.j.t.JMeterThread: Thread finished: My Thread Group 1 1-8
2021-09-04 13:49:51,863 INFO o.a.j.t.JMeterThread: Thread started: My Thread Group 1 1-13
2021-09-04 13:49:52,195 INFO o.a.j.t.JMeterThread: Thread started: My Thread Group 1 1-14
2021-09-04 13:49:52,238 INFO o.a.j.t.JMeterThread: Thread is done: My Thread Group 1 1-9
2021-09-04 13:49:52,238 INFO o.a.j.t.JMeterThread: Thread finished: My Thread Group 1 1-9
2021-09-04 13:49:52,371 INFO o.a.j.t.JMeterThread: Thread is done: My Thread Group 1 1-10
2021-09-04 13:49:52,371 INFO o.a.j.t.JMeterThread: Thread finished: My Thread Group 1 1-10
2021-09-04 13:49:52,528 INFO o.a.j.t.JMeterThread: Thread started: My Thread Group 1 1-15
2021-09-04 13:49:52,766 INFO o.a.j.t.JMeterThread: Thread is done: My Thread Group 1 1-11
2021-09-04 13:49:52,766 INFO o.a.j.t.JMeterThread: Thread finished: My Thread Group 1 1-11
2021-09-04 13:49:52,859 INFO o.a.j.t.JMeterThread: Thread started: My Thread Group 1 1-16
2021-09-04 13:49:53,095 INFO o.a.j.t.JMeterThread: Thread is done: My Thread Group 1 1-12
2021-09-04 13:49:53,095 INFO o.a.j.t.JMeterThread: Thread finished: My Thread Group 1 1-12
2021-09-04 13:49:53,191 INFO o.a.j.t.JMeterThread: Thread started: My Thread Group 1 1-17
2021-09-04 13:49:53,493 INFO o.a.j.t.JMeterThread: Thread is done: My Thread Group 1 1-13
2021-09-04 13:49:53,493 INFO o.a.j.t.JMeterThread: Thread finished: My Thread Group 1 1-13
2021-09-04 13:49:53,527 INFO o.a.j.t.JMeterThread: Thread started: My Thread Group 1 1-18
2021-09-04 13:49:53,765 INFO o.a.j.t.JMeterThread: Thread is done: My Thread Group 1 1-14
2021-09-04 13:49:53,765 INFO o.a.j.t.JMeterThread: Thread finished: My Thread Group 1 1-14
2021-09-04 13:49:53,858 INFO o.a.j.t.JMeterThread: Thread started: My Thread Group 1 1-19
2021-09-04 13:49:54,165 INFO o.a.j.t.JMeterThread: Thread is done: My Thread Group 1 1-15
2021-09-04 13:49:54,165 INFO o.a.j.t.JMeterThread: Thread finished: My Thread Group 1 1-15
2021-09-04 13:49:54,195 INFO o.a.j.t.JMeterThread: Thread started: My Thread Group 1 1-20
2021-09-04 13:49:54,445 INFO o.a.j.t.JMeterThread: Thread is done: My Thread Group 1 1-16
2021-09-04 13:49:54,445 INFO o.a.j.t.JMeterThread: Thread finished: My Thread Group 1 1-16
2021-09-04 13:49:54,525 INFO o.a.j.t.JMeterThread: Thread started: My Thread Group 1 1-21
2021-09-04 13:49:54,758 INFO o.a.j.t.JMeterThread: Thread is done: My Thread Group 1 1-17
2021-09-04 13:49:54,758 INFO o.a.j.t.JMeterThread: Thread finished: My Thread Group 1 1-17
2021-09-04 13:49:54,858 INFO o.a.j.t.JMeterThread: Thread started: My Thread Group 1 1-22
2021-09-04 13:49:55,179 INFO o.a.j.t.JMeterThread: Thread is done: My Thread Group 1 1-18
2021-09-04 13:49:55,179 INFO o.a.j.t.JMeterThread: Thread finished: My Thread Group 1 1-18
2021-09-04 13:49:55,194 INFO o.a.j.t.JMeterThread: Thread started: My Thread Group 1 1-23
2021-09-04 13:49:55,385 INFO o.a.j.t.JMeterThread: Thread is done: My Thread Group 1 1-19
2021-09-04 13:49:55,385 INFO o.a.j.t.JMeterThread: Thread finished: My Thread Group 1 1-19
2021-09-04 13:49:55,527 INFO o.a.j.t.JMeterThread: Thread started: My Thread Group 1 1-24
2021-09-04 13:49:55,814 INFO o.a.j.t.JMeterThread: Thread is done: My Thread Group 1 1-20
2021-09-04 13:49:55,814 INFO o.a.j.t.JMeterThread: Thread finished: My Thread Group 1 1-20
2021-09-04 13:49:55,862 INFO o.a.j.t.JMeterThread: Thread started: My Thread Group 1 1-25
2021-09-04 13:49:56,058 INFO o.a.j.t.JMeterThread: Thread is done: My Thread Group 1 1-21
2021-09-04 13:49:56,058 INFO o.a.j.t.JMeterThread: Thread finished: My Thread Group 1 1-21
2021-09-04 13:49:56,192 INFO o.a.j.t.JMeterThread: Thread started: My Thread Group 1 1-26
2021-09-04 13:49:56,376 INFO o.a.j.t.JMeterThread: Thread is done: My Thread Group 1 1-22
2021-09-04 13:49:56,376 INFO o.a.j.t.JMeterThread: Thread finished: My Thread Group 1 1-22
2021-09-04 13:49:56,523 INFO o.a.j.t.JMeterThread: Thread started: My Thread Group 1 1-27
2021-09-04 13:49:56,855 INFO o.a.j.t.JMeterThread: Thread started: My Thread Group 1 1-28
2021-09-04 13:49:57,131 INFO o.a.j.t.JMeterThread: Thread is done: My Thread Group 1 1-24
2021-09-04 13:49:57,131 INFO o.a.j.t.JMeterThread: Thread finished: My Thread Group 1 1-24
2021-09-04 13:49:57,189 INFO o.a.j.t.JMeterThread: Thread started: My Thread Group 1 1-29
2021-09-04 13:49:57,266 INFO o.a.j.t.JMeterThread: Thread is done: My Thread Group 1 1-23
2021-09-04 13:49:57,266 INFO o.a.j.t.JMeterThread: Thread finished: My Thread Group 1 1-23
2021-09-04 13:49:57,442 INFO o.a.j.t.JMeterThread: Thread is done: My Thread Group 1 1-25
2021-09-04 13:49:57,442 INFO o.a.j.t.JMeterThread: Thread finished: My Thread Group 1 1-25
2021-09-04 13:49:57,523 INFO o.a.j.t.JMeterThread: Thread started: My Thread Group 1 1-30
2021-09-04 13:49:58,015 INFO o.a.j.t.JMeterThread: Thread is done: My Thread Group 1 1-26
2021-09-04 13:49:58,015 INFO o.a.j.t.JMeterThread: Thread finished: My Thread Group 1 1-26
2021-09-04 13:49:58,032 INFO o.a.j.t.JMeterThread: Thread is done: My Thread Group 1 1-27
2021-09-04 13:49:58,032 INFO o.a.j.t.JMeterThread: Thread finished: My Thread Group 1 1-27
2021-09-04 13:49:58,429 INFO o.a.j.t.JMeterThread: Thread is done: My Thread Group 1 1-28
2021-09-04 13:49:58,429 INFO o.a.j.t.JMeterThread: Thread finished: My Thread Group 1 1-28
2021-09-04 13:49:58,765 INFO o.a.j.t.JMeterThread: Thread is done: My Thread Group 1 1-29
2021-09-04 13:49:58,765 INFO o.a.j.t.JMeterThread: Thread finished: My Thread Group 1 1-29
2021-09-04 13:49:59,376 INFO o.a.j.t.JMeterThread: Thread is done: My Thread Group 1 1-30
2021-09-04 13:49:59,377 INFO o.a.j.t.JMeterThread: Thread finished: My Thread Group 1 1-30
2021-09-04 13:49:59,378 INFO o.a.j.e.StandardJMeterEngine: Notifying test listeners of end of test
2021-09-04 13:49:59,378 INFO o.a.j.g.u.JMeterMenuBar: setRunning(false, *local*)
2021-09-04 13:50:51,663 INFO o.a.j.e.StandardJMeterEngine: Running the test!
2021-09-04 13:50:51,665 INFO o.a.j.s.SampleEvent: List of sample_variables: []
2021-09-04 13:50:51,666 INFO o.a.j.g.u.JMeterMenuBar: setRunning(true, *local*)
2021-09-04 13:50:51,792 INFO o.a.j.e.StandardJMeterEngine: Starting ThreadGroup: 1 : My Thread Group 1
2021-09-04 13:50:51,792 INFO o.a.j.e.StandardJMeterEngine: Starting 30 threads for group My Thread Group 1.
2021-09-04 13:50:51,792 INFO o.a.j.e.StandardJMeterEngine: Thread will continue on error
2021-09-04 13:50:51,792 INFO o.a.j.t.ThreadGroup: Starting thread group... number=1 threads=30 ramp-up=10 delayedStart=false
2021-09-04 13:50:51,793 INFO o.a.j.t.JMeterThread: Thread started: My Thread Group 1 1-1
2021-09-04 13:50:51,812 INFO o.a.j.t.ThreadGroup: Started thread group number 1
2021-09-04 13:50:51,812 INFO o.a.j.e.StandardJMeterEngine: All thread groups have been started
2021-09-04 13:50:52,129 INFO o.a.j.t.JMeterThread: Thread started: My Thread Group 1 1-2
2021-09-04 13:50:52,463 INFO o.a.j.t.JMeterThread: Thread started: My Thread Group 1 1-3
2021-09-04 13:50:52,794 INFO o.a.j.t.JMeterThread: Thread started: My Thread Group 1 1-4
2021-09-04 13:50:53,080 INFO o.a.j.g.a.Start: Stopping test
2021-09-04 13:50:53,098 INFO o.a.j.t.JMeterThread: Stopping: My Thread Group 1 1-30
2021-09-04 13:50:53,099 INFO o.a.j.t.JMeterThread: Stopping: My Thread Group 1 1-18
2021-09-04 13:50:53,099 INFO o.a.j.t.JMeterThread: Stopping: My Thread Group 1 1-8
2021-09-04 13:50:53,099 INFO o.a.j.t.JMeterThread: Stopping: My Thread Group 1 1-11
2021-09-04 13:50:53,099 INFO o.a.j.t.JMeterThread: Stopping: My Thread Group 1 1-10
2021-09-04 13:50:53,099 INFO o.a.j.t.JMeterThread: Thread started: My Thread Group 1 1-30
2021-09-04 13:50:53,099 INFO o.a.j.t.JMeterThread: Stopping: My Thread Group 1 1-14
2021-09-04 13:50:53,099 INFO o.a.j.t.JMeterThread: Stopping: My Thread Group 1 1-21
2021-09-04 13:50:53,099 INFO o.a.j.t.JMeterThread: Thread started: My Thread Group 1 1-18
2021-09-04 13:50:53,099 INFO o.a.j.t.JMeterThread: Thread finished: My Thread Group 1 1-30
2021-09-04 13:50:53,099 INFO o.a.j.t.JMeterThread: Thread finished: My Thread Group 1 1-18
2021-09-04 13:50:53,099 INFO o.a.j.t.JMeterThread: Thread started: My Thread Group 1 1-8
2021-09-04 13:50:53,099 INFO o.a.j.t.JMeterThread: Thread started: My Thread Group 1 1-11
2021-09-04 13:50:53,099 INFO o.a.j.t.JMeterThread: Thread finished: My Thread Group 1 1-8
2021-09-04 13:50:53,100 INFO o.a.j.t.JMeterThread: Thread finished: My Thread Group 1 1-11
2021-09-04 13:50:53,099 INFO o.a.j.t.JMeterThread: Thread started: My Thread Group 1 1-10
2021-09-04 13:50:53,100 INFO o.a.j.t.JMeterThread: Thread finished: My Thread Group 1 1-10
2021-09-04 13:50:53,100 INFO o.a.j.t.JMeterThread: Thread started: My Thread Group 1 1-21
2021-09-04 13:50:53,099 INFO o.a.j.t.JMeterThread: Stopping: My Thread Group 1 1-20
2021-09-04 13:50:53,100 INFO o.a.j.t.JMeterThread: Stopping: My Thread Group 1 1-1
2021-09-04 13:50:53,099 INFO o.a.j.t.JMeterThread: Thread started: My Thread Group 1 1-14
2021-09-04 13:50:53,100 INFO o.a.j.t.JMeterThread: Thread finished: My Thread Group 1 1-21
2021-09-04 13:50:53,100 INFO o.a.j.t.JMeterThread: Thread finished: My Thread Group 1 1-14
2021-09-04 13:50:53,100 INFO o.a.j.t.JMeterThread: Thread started: My Thread Group 1 1-20
2021-09-04 13:50:53,100 WARN o.a.j.t.JMeterThread: Interrupting: My Thread Group 1 1-1 sampler: man vk
2021-09-04 13:50:53,100 INFO o.a.j.t.JMeterThread: Thread finished: My Thread Group 1 1-20
2021-09-04 13:50:53,101 INFO o.a.j.t.JMeterThread: Stopping: My Thread Group 1 1-7
2021-09-04 13:50:53,101 INFO o.a.j.t.JMeterThread: Stopping: My Thread Group 1 1-9
2021-09-04 13:50:53,101 INFO o.a.j.t.JMeterThread: Stopping: My Thread Group 1 1-16
2021-09-04 13:50:53,101 INFO o.a.j.t.JMeterThread: Stopping: My Thread Group 1 1-13
2021-09-04 13:50:53,101 INFO o.a.j.t.JMeterThread: Thread started: My Thread Group 1 1-7
2021-09-04 13:50:53,102 INFO o.a.j.t.JMeterThread: Thread finished: My Thread Group 1 1-7
2021-09-04 13:50:53,102 INFO o.a.j.t.JMeterThread: Thread started: My Thread Group 1 1-16
2021-09-04 13:50:53,102 INFO o.a.j.t.JMeterThread: Thread started: My Thread Group 1 1-13
2021-09-04 13:50:53,102 INFO o.a.j.t.JMeterThread: Thread finished: My Thread Group 1 1-16
2021-09-04 13:50:53,102 INFO o.a.j.t.JMeterThread: Thread finished: My Thread Group 1 1-13
2021-09-04 13:50:53,101 INFO o.a.j.t.JMeterThread: Stopping: My Thread Group 1 1-28
2021-09-04 13:50:53,102 INFO o.a.j.t.JMeterThread: Stopping: My Thread Group 1 1-25
2021-09-04 13:50:53,103 INFO o.a.j.t.JMeterThread: Stopping: My Thread Group 1 1-3
2021-09-04 13:50:53,103 WARN o.a.j.t.JMeterThread: Interrupting: My Thread Group 1 1-3 sampler: man vk
2021-09-04 13:50:53,103 INFO o.a.j.t.JMeterThread: Thread started: My Thread Group 1 1-25
2021-09-04 13:50:53,102 INFO o.a.j.t.JMeterThread: Thread started: My Thread Group 1 1-9
2021-09-04 13:50:53,103 INFO o.a.j.t.JMeterThread: Thread finished: My Thread Group 1 1-25
2021-09-04 13:50:53,103 INFO o.a.j.t.JMeterThread: Thread started: My Thread Group 1 1-28
2021-09-04 13:50:53,104 INFO o.a.j.t.JMeterThread: Stopping: My Thread Group 1 1-12
2021-09-04 13:50:53,104 INFO o.a.j.t.JMeterThread: Stopping: My Thread Group 1 1-6
2021-09-04 13:50:53,104 INFO o.a.j.t.JMeterThread: Thread finished: My Thread Group 1 1-28
2021-09-04 13:50:53,102 INFO o.a.j.t.JMeterThread: Thread finished: My Thread Group 1 1-1
2021-09-04 13:50:53,105 INFO o.a.j.t.JMeterThread: Thread finished: My Thread Group 1 1-3
2021-09-04 13:50:53,105 INFO o.a.j.t.JMeterThread: Thread started: My Thread Group 1 1-12
2021-09-04 13:50:53,106 INFO o.a.j.t.JMeterThread: Thread finished: My Thread Group 1 1-12
2021-09-04 13:50:53,106 INFO o.a.j.t.JMeterThread: Thread started: My Thread Group 1 1-6
2021-09-04 13:50:53,107 INFO o.a.j.t.JMeterThread: Thread finished: My Thread Group 1 1-6
2021-09-04 13:50:53,104 INFO o.a.j.t.JMeterThread: Stopping: My Thread Group 1 1-19
2021-09-04 13:50:53,107 INFO o.a.j.t.JMeterThread: Stopping: My Thread Group 1 1-24
2021-09-04 13:50:53,107 INFO o.a.j.t.JMeterThread: Stopping: My Thread Group 1 1-23
2021-09-04 13:50:53,107 INFO o.a.j.t.JMeterThread: Stopping: My Thread Group 1 1-15
2021-09-04 13:50:53,107 INFO o.a.j.t.JMeterThread: Stopping: My Thread Group 1 1-4
2021-09-04 13:50:53,107 WARN o.a.j.t.JMeterThread: Interrupting: My Thread Group 1 1-4 sampler: man vk
2021-09-04 13:50:53,108 INFO o.a.j.t.JMeterThread: Thread finished: My Thread Group 1 1-9
2021-09-04 13:50:53,108 INFO o.a.j.t.JMeterThread: Thread started: My Thread Group 1 1-23
2021-09-04 13:50:53,108 INFO o.a.j.t.JMeterThread: Thread started: My Thread Group 1 1-24
2021-09-04 13:50:53,109 INFO o.a.j.t.JMeterThread: Thread finished: My Thread Group 1 1-24
2021-09-04 13:50:53,109 INFO o.a.j.t.JMeterThread: Thread finished: My Thread Group 1 1-23
2021-09-04 13:50:53,109 INFO o.a.j.t.JMeterThread: Thread started: My Thread Group 1 1-15
2021-09-04 13:50:53,109 INFO o.a.j.t.JMeterThread: Thread finished: My Thread Group 1 1-15
2021-09-04 13:50:53,108 INFO o.a.j.t.JMeterThread: Thread started: My Thread Group 1 1-19
2021-09-04 13:50:53,110 INFO o.a.j.t.JMeterThread: Thread finished: My Thread Group 1 1-19
2021-09-04 13:50:53,110 INFO o.a.j.t.JMeterThread: Stopping: My Thread Group 1 1-17
2021-09-04 13:50:53,110 INFO o.a.j.t.JMeterThread: Stopping: My Thread Group 1 1-22
2021-09-04 13:50:53,110 INFO o.a.j.t.JMeterThread: Stopping: My Thread Group 1 1-29
2021-09-04 13:50:53,110 INFO o.a.j.t.JMeterThread: Stopping: My Thread Group 1 1-27
2021-09-04 13:50:53,110 INFO o.a.j.t.JMeterThread: Stopping: My Thread Group 1 1-2
2021-09-04 13:50:53,110 WARN o.a.j.t.JMeterThread: Interrupting: My Thread Group 1 1-2 sampler: man vk
2021-09-04 13:50:53,111 INFO o.a.j.t.JMeterThread: Thread finished: My Thread Group 1 1-4
2021-09-04 13:50:53,112 INFO o.a.j.t.JMeterThread: Thread started: My Thread Group 1 1-17
2021-09-04 13:50:53,112 INFO o.a.j.t.JMeterThread: Thread finished: My Thread Group 1 1-17
2021-09-04 13:50:53,112 INFO o.a.j.t.JMeterThread: Thread started: My Thread Group 1 1-22
2021-09-04 13:50:53,112 INFO o.a.j.t.JMeterThread: Thread finished: My Thread Group 1 1-22
2021-09-04 13:50:53,112 INFO o.a.j.t.JMeterThread: Thread started: My Thread Group 1 1-29
2021-09-04 13:50:53,113 INFO o.a.j.t.JMeterThread: Thread finished: My Thread Group 1 1-29
2021-09-04 13:50:53,113 INFO o.a.j.t.JMeterThread: Thread started: My Thread Group 1 1-27
2021-09-04 13:50:53,113 INFO o.a.j.t.JMeterThread: Thread finished: My Thread Group 1 1-27
2021-09-04 13:50:53,113 INFO o.a.j.t.JMeterThread: Stopping: My Thread Group 1 1-26
2021-09-04 13:50:53,113 INFO o.a.j.t.JMeterThread: Stopping: My Thread Group 1 1-5
2021-09-04 13:50:53,114 INFO o.a.j.t.JMeterThread: Thread finished: My Thread Group 1 1-2
2021-09-04 13:50:53,115 INFO o.a.j.t.JMeterThread: Thread started: My Thread Group 1 1-5
2021-09-04 13:50:53,115 INFO o.a.j.t.JMeterThread: Thread finished: My Thread Group 1 1-5
2021-09-04 13:50:53,114 INFO o.a.j.t.JMeterThread: Thread started: My Thread Group 1 1-26
2021-09-04 13:50:53,116 INFO o.a.j.t.JMeterThread: Thread finished: My Thread Group 1 1-26
2021-09-04 13:50:53,118 INFO o.a.j.e.StandardJMeterEngine: Notifying test listeners of end of test
2021-09-04 13:50:53,118 INFO o.a.j.g.u.JMeterMenuBar: setRunning(false, *local*)
2021-09-04 13:51:54,998 INFO o.a.j.e.StandardJMeterEngine: Running the test!
2021-09-04 13:51:55,000 INFO o.a.j.s.SampleEvent: List of sample_variables: []
2021-09-04 13:51:55,000 INFO o.a.j.g.u.JMeterMenuBar: setRunning(true, *local*)
2021-09-04 13:51:55,090 INFO o.a.j.e.StandardJMeterEngine: Starting ThreadGroup: 1 : My Thread Group 1
2021-09-04 13:51:55,090 INFO o.a.j.e.StandardJMeterEngine: Starting 30 threads for group My Thread Group 1.
2021-09-04 13:51:55,090 INFO o.a.j.e.StandardJMeterEngine: Thread will continue on error
2021-09-04 13:51:55,091 INFO o.a.j.t.ThreadGroup: Starting thread group... number=1 threads=30 ramp-up=10 delayedStart=false
2021-09-04 13:51:55,091 INFO o.a.j.t.JMeterThread: Thread started: My Thread Group 1 1-1
2021-09-04 13:51:55,110 INFO o.a.j.t.ThreadGroup: Started thread group number 1
2021-09-04 13:51:55,111 INFO o.a.j.e.StandardJMeterEngine: All thread groups have been started
2021-09-04 13:51:55,430 INFO o.a.j.t.JMeterThread: Thread started: My Thread Group 1 1-2
2021-09-04 13:51:55,761 INFO o.a.j.t.JMeterThread: Thread started: My Thread Group 1 1-3
2021-09-04 13:51:56,094 INFO o.a.j.t.JMeterThread: Thread started: My Thread Group 1 1-4
2021-09-04 13:51:56,430 INFO o.a.j.t.JMeterThread: Thread started: My Thread Group 1 1-5
2021-09-04 13:51:56,646 INFO o.a.j.g.a.Start: Stopping test
2021-09-04 13:51:56,647 INFO o.a.j.t.JMeterThread: Thread is done: My Thread Group 1 1-1
2021-09-04 13:51:56,647 INFO o.a.j.t.JMeterThread: Thread finished: My Thread Group 1 1-1
2021-09-04 13:51:56,670 INFO o.a.j.t.JMeterThread: Stopping: My Thread Group 1 1-6
2021-09-04 13:51:56,671 INFO o.a.j.t.JMeterThread: Stopping: My Thread Group 1 1-23
2021-09-04 13:51:56,671 INFO o.a.j.t.JMeterThread: Stopping: My Thread Group 1 1-10
2021-09-04 13:51:56,671 INFO o.a.j.t.JMeterThread: Stopping: My Thread Group 1 1-24
2021-09-04 13:51:56,671 INFO o.a.j.t.JMeterThread: Stopping: My Thread Group 1 1-30
2021-09-04 13:51:56,671 INFO o.a.j.t.JMeterThread: Thread started: My Thread Group 1 1-6
2021-09-04 13:51:56,671 INFO o.a.j.t.JMeterThread: Stopping: My Thread Group 1 1-14
2021-09-04 13:51:56,671 INFO o.a.j.t.JMeterThread: Stopping: My Thread Group 1 1-7
2021-09-04 13:51:56,671 INFO o.a.j.t.JMeterThread: Thread started: My Thread Group 1 1-23
2021-09-04 13:51:56,671 INFO o.a.j.t.JMeterThread: Thread started: My Thread Group 1 1-24
2021-09-04 13:51:56,671 INFO o.a.j.t.JMeterThread: Thread started: My Thread Group 1 1-30
2021-09-04 13:51:56,671 INFO o.a.j.t.JMeterThread: Thread finished: My Thread Group 1 1-23
2021-09-04 13:51:56,672 INFO o.a.j.t.JMeterThread: Thread finished: My Thread Group 1 1-30
2021-09-04 13:51:56,671 INFO o.a.j.t.JMeterThread: Thread finished: My Thread Group 1 1-6
2021-09-04 13:51:56,672 INFO o.a.j.t.JMeterThread: Thread finished: My Thread Group 1 1-24
2021-09-04 13:51:56,672 INFO o.a.j.t.JMeterThread: Thread started: My Thread Group 1 1-7
2021-09-04 13:51:56,672 INFO o.a.j.t.JMeterThread: Thread finished: My Thread Group 1 1-7
2021-09-04 13:51:56,671 INFO o.a.j.t.JMeterThread: Thread started: My Thread Group 1 1-14
2021-09-04 13:51:56,673 INFO o.a.j.t.JMeterThread: Thread finished: My Thread Group 1 1-14
2021-09-04 13:51:56,671 INFO o.a.j.t.JMeterThread: Stopping: My Thread Group 1 1-13
2021-09-04 13:51:56,673 INFO o.a.j.t.JMeterThread: Stopping: My Thread Group 1 1-18
2021-09-04 13:51:56,673 INFO o.a.j.t.JMeterThread: Stopping: My Thread Group 1 1-15
2021-09-04 13:51:56,671 INFO o.a.j.t.JMeterThread: Thread started: My Thread Group 1 1-10
2021-09-04 13:51:56,673 INFO o.a.j.t.JMeterThread: Stopping: My Thread Group 1 1-17
2021-09-04 13:51:56,673 INFO o.a.j.t.JMeterThread: Thread finished: My Thread Group 1 1-10
2021-09-04 13:51:56,673 INFO o.a.j.t.JMeterThread: Thread started: My Thread Group 1 1-13
2021-09-04 13:51:56,674 INFO o.a.j.t.JMeterThread: Thread started: My Thread Group 1 1-15
2021-09-04 13:51:56,674 INFO o.a.j.t.JMeterThread: Thread finished: My Thread Group 1 1-13
2021-09-04 13:51:56,674 INFO o.a.j.t.JMeterThread: Thread finished: My Thread Group 1 1-15
2021-09-04 13:51:56,674 INFO o.a.j.t.JMeterThread: Thread started: My Thread Group 1 1-18
2021-09-04 13:51:56,674 INFO o.a.j.t.JMeterThread: Thread finished: My Thread Group 1 1-18
2021-09-04 13:51:56,674 INFO o.a.j.t.JMeterThread: Thread started: My Thread Group 1 1-17
2021-09-04 13:51:56,675 INFO o.a.j.t.JMeterThread: Thread finished: My Thread Group 1 1-17
2021-09-04 13:51:56,674 INFO o.a.j.t.JMeterThread: Stopping: My Thread Group 1 1-11
2021-09-04 13:51:56,676 INFO o.a.j.t.JMeterThread: Stopping: My Thread Group 1 1-25
2021-09-04 13:51:56,677 INFO o.a.j.t.JMeterThread: Stopping: My Thread Group 1 1-21
2021-09-04 13:51:56,676 INFO o.a.j.t.JMeterThread: Thread started: My Thread Group 1 1-11
2021-09-04 13:51:56,678 INFO o.a.j.t.JMeterThread: Thread finished: My Thread Group 1 1-11
2021-09-04 13:51:56,678 INFO o.a.j.t.JMeterThread: Stopping: My Thread Group 1 1-22
2021-09-04 13:51:56,678 INFO o.a.j.t.JMeterThread: Thread started: My Thread Group 1 1-25
2021-09-04 13:51:56,679 INFO o.a.j.t.JMeterThread: Thread finished: My Thread Group 1 1-25
2021-09-04 13:51:56,679 INFO o.a.j.t.JMeterThread: Stopping: My Thread Group 1 1-2
2021-09-04 13:51:56,679 INFO o.a.j.t.JMeterThread: Thread started: My Thread Group 1 1-21
2021-09-04 13:51:56,680 INFO o.a.j.t.JMeterThread: Thread finished: My Thread Group 1 1-21
2021-09-04 13:51:56,680 WARN o.a.j.t.JMeterThread: Interrupting: My Thread Group 1 1-2 sampler: man vk
2021-09-04 13:51:56,681 INFO o.a.j.t.JMeterThread: Thread started: My Thread Group 1 1-22
2021-09-04 13:51:56,682 INFO o.a.j.t.JMeterThread: Thread finished: My Thread Group 1 1-22
2021-09-04 13:51:56,682 INFO o.a.j.t.JMeterThread: Stopping: My Thread Group 1 1-5
2021-09-04 13:51:56,683 WARN o.a.j.t.JMeterThread: Interrupting: My Thread Group 1 1-5 sampler: man vk
2021-09-04 13:51:56,683 INFO o.a.j.t.JMeterThread: Thread finished: My Thread Group 1 1-2
2021-09-04 13:51:56,684 INFO o.a.j.t.JMeterThread: Stopping: My Thread Group 1 1-26
2021-09-04 13:51:56,684 INFO o.a.j.t.JMeterThread: Stopping: My Thread Group 1 1-16
2021-09-04 13:51:56,684 INFO o.a.j.t.JMeterThread: Thread started: My Thread Group 1 1-26
2021-09-04 13:51:56,685 INFO o.a.j.t.JMeterThread: Thread finished: My Thread Group 1 1-26
2021-09-04 13:51:56,685 INFO o.a.j.t.JMeterThread: Thread finished: My Thread Group 1 1-5
2021-09-04 13:51:56,686 INFO o.a.j.t.JMeterThread: Thread started: My Thread Group 1 1-16
2021-09-04 13:51:56,686 INFO o.a.j.t.JMeterThread: Thread finished: My Thread Group 1 1-16
2021-09-04 13:51:56,685 INFO o.a.j.t.JMeterThread: Stopping: My Thread Group 1 1-3
2021-09-04 13:51:56,687 WARN o.a.j.t.JMeterThread: Interrupting: My Thread Group 1 1-3 sampler: man vk
2021-09-04 13:51:56,688 INFO o.a.j.t.JMeterThread: Stopping: My Thread Group 1 1-28
2021-09-04 13:51:56,688 INFO o.a.j.t.JMeterThread: Stopping: My Thread Group 1 1-9
2021-09-04 13:51:56,688 INFO o.a.j.t.JMeterThread: Stopping: My Thread Group 1 1-4
2021-09-04 13:51:56,688 WARN o.a.j.t.JMeterThread: Interrupting: My Thread Group 1 1-4 sampler: man vk
2021-09-04 13:51:56,689 INFO o.a.j.t.JMeterThread: Thread finished: My Thread Group 1 1-3
2021-09-04 13:51:56,689 INFO o.a.j.t.JMeterThread: Thread started: My Thread Group 1 1-9
2021-09-04 13:51:56,689 INFO o.a.j.t.JMeterThread: Thread finished: My Thread Group 1 1-9
2021-09-04 13:51:56,690 INFO o.a.j.t.JMeterThread: Stopping: My Thread Group 1 1-19
2021-09-04 13:51:56,690 INFO o.a.j.t.JMeterThread: Stopping: My Thread Group 1 1-20
2021-09-04 13:51:56,690 INFO o.a.j.t.JMeterThread: Stopping: My Thread Group 1 1-29
2021-09-04 13:51:56,691 INFO o.a.j.t.JMeterThread: Stopping: My Thread Group 1 1-8
2021-09-04 13:51:56,691 INFO o.a.j.t.JMeterThread: Stopping: My Thread Group 1 1-12
2021-09-04 13:51:56,691 INFO o.a.j.t.JMeterThread: Stopping: My Thread Group 1 1-27
2021-09-04 13:51:56,691 INFO o.a.j.t.JMeterThread: Thread finished: My Thread Group 1 1-4
2021-09-04 13:51:56,689 INFO o.a.j.t.JMeterThread: Thread started: My Thread Group 1 1-28
2021-09-04 13:51:56,692 INFO o.a.j.t.JMeterThread: Thread finished: My Thread Group 1 1-28
2021-09-04 13:51:56,692 INFO o.a.j.t.JMeterThread: Thread started: My Thread Group 1 1-19
2021-09-04 13:51:56,692 INFO o.a.j.t.JMeterThread: Thread started: My Thread Group 1 1-20
2021-09-04 13:51:56,693 INFO o.a.j.t.JMeterThread: Thread started: My Thread Group 1 1-29
2021-09-04 13:51:56,693 INFO o.a.j.t.JMeterThread: Thread finished: My Thread Group 1 1-19
2021-09-04 13:51:56,693 INFO o.a.j.t.JMeterThread: Thread finished: My Thread Group 1 1-29
2021-09-04 13:51:56,693 INFO o.a.j.t.JMeterThread: Thread started: My Thread Group 1 1-12
2021-09-04 13:51:56,694 INFO o.a.j.t.JMeterThread: Thread started: My Thread Group 1 1-27
2021-09-04 13:51:56,694 INFO o.a.j.t.JMeterThread: Thread finished: My Thread Group 1 1-27
2021-09-04 13:51:56,694 INFO o.a.j.t.JMeterThread: Thread finished: My Thread Group 1 1-12
2021-09-04 13:51:56,693 INFO o.a.j.t.JMeterThread: Thread started: My Thread Group 1 1-8
2021-09-04 13:51:56,695 INFO o.a.j.t.JMeterThread: Thread finished: My Thread Group 1 1-20
2021-09-04 13:51:56,695 INFO o.a.j.t.JMeterThread: Thread finished: My Thread Group 1 1-8
2021-09-04 13:51:56,696 INFO o.a.j.e.StandardJMeterEngine: Notifying test listeners of end of test
2021-09-04 13:51:56,696 INFO o.a.j.g.u.JMeterMenuBar: setRunning(false, *local*)
2021-09-09 15:41:25,509 ERROR o.a.j.JMeter: Uncaught exception in thread Thread[AWT-EventQueue-0,6,main]
java.lang.NoClassDefFoundError: Could not initialize class org.apache.jmeter.gui.util.FileDialoger
	at org.apache.jmeter.gui.action.Save.computeFileName(Save.java:201) ~[ApacheJMeter_core.jar:5.4.1]
	at org.apache.jmeter.gui.action.Save.doAction(Save.java:163) ~[ApacheJMeter_core.jar:5.4.1]
	at org.apache.jmeter.gui.action.ActionRouter.performAction(ActionRouter.java:87) ~[ApacheJMeter_core.jar:5.4.1]
	at org.apache.jmeter.gui.action.ActionRouter.doActionNow(ActionRouter.java:124) ~[ApacheJMeter_core.jar:5.4.1]
	at org.apache.jmeter.gui.action.ExitCommand.doActionAfterCheck(ExitCommand.java:71) ~[ApacheJMeter_core.jar:5.4.1]
	at org.apache.jmeter.gui.action.AbstractActionWithNoRunningTest.doAction(AbstractActionWithNoRunningTest.java:44) ~[ApacheJMeter_core.jar:5.4.1]
	at org.apache.jmeter.gui.action.ActionRouter.performAction(ActionRouter.java:87) ~[ApacheJMeter_core.jar:5.4.1]
	at org.apache.jmeter.gui.action.ActionRouter.lambda$actionPerformed$0(ActionRouter.java:69) ~[ApacheJMeter_core.jar:5.4.1]
	at java.awt.event.InvocationEvent.dispatch(InvocationEvent.java:316) ~[?:?]
	at java.awt.EventQueue.dispatchEventImpl(EventQueue.java:770) ~[?:?]
	at java.awt.EventQueue$4.run(EventQueue.java:721) ~[?:?]
	at java.awt.EventQueue$4.run(EventQueue.java:715) ~[?:?]
	at java.security.AccessController.doPrivileged(AccessController.java:391) ~[?:?]
	at java.security.ProtectionDomain$JavaSecurityAccessImpl.doIntersectionPrivilege(ProtectionDomain.java:85) ~[?:?]
	at java.awt.EventQueue.dispatchEvent(EventQueue.java:740) ~[?:?]
	at java.awt.EventDispatchThread.pumpOneEventForFilters(EventDispatchThread.java:203) [?:?]
	at java.awt.EventDispatchThread.pumpEventsForFilter(EventDispatchThread.java:124) [?:?]
	at java.awt.EventDispatchThread.pumpEventsForHierarchy(EventDispatchThread.java:113) [?:?]
	at java.awt.EventDispatchThread.pumpEvents(EventDispatchThread.java:109) [?:?]
	at java.awt.EventDispatchThread.pumpEvents(EventDispatchThread.java:101) [?:?]
	at java.awt.EventDispatchThread.run(EventDispatchThread.java:90) [?:?]
